{"/home/arjan/code/js/node-risk/coverage/lcov-report/prettify.js":{"path":"/home/arjan/code/js/node-risk/coverage/lcov-report/prettify.js","s":{"1":0,"2":0,"3":0,"4":0,"5":0,"6":0,"7":0,"8":0,"9":0,"10":0,"11":0,"12":0,"13":0,"14":0,"15":0,"16":0,"17":0,"18":0,"19":0,"20":0,"21":0,"22":0,"23":0,"24":0,"25":0,"26":0,"27":0,"28":0,"29":0,"30":0,"31":1,"32":0,"33":0,"34":0,"35":0,"36":0,"37":0,"38":0,"39":0,"40":0,"41":0,"42":0,"43":0,"44":1,"45":0,"46":0,"47":0,"48":0,"49":0,"50":0,"51":0,"52":0,"53":0,"54":0,"55":0,"56":0,"57":1,"58":0,"59":0,"60":0,"61":0,"62":0,"63":0,"64":1,"65":0,"66":0,"67":0,"68":0,"69":0,"70":0,"71":0,"72":0,"73":0,"74":0,"75":0,"76":0,"77":0,"78":0,"79":0,"80":0,"81":0,"82":0,"83":0,"84":0,"85":0,"86":0,"87":0,"88":0,"89":0,"90":0,"91":0,"92":0,"93":0,"94":0,"95":0,"96":0,"97":0,"98":0,"99":0,"100":0,"101":0,"102":0,"103":0,"104":0,"105":0,"106":0,"107":1,"108":0,"109":0,"110":0,"111":0,"112":0,"113":0,"114":0,"115":0,"116":0,"117":0,"118":0,"119":0,"120":0,"121":0,"122":0,"123":0,"124":0,"125":0,"126":0,"127":0,"128":0,"129":0,"130":0,"131":0,"132":0,"133":0,"134":0,"135":0,"136":0,"137":0,"138":0,"139":0,"140":0,"141":0,"142":0,"143":0,"144":0,"145":0,"146":0,"147":0,"148":0,"149":0,"150":0,"151":0,"152":0,"153":1,"154":0,"155":0,"156":0,"157":0,"158":0,"159":0,"160":0,"161":0,"162":0,"163":0,"164":0,"165":1,"166":0,"167":0,"168":0,"169":0,"170":0,"171":0,"172":0,"173":0,"174":0,"175":0,"176":0,"177":0,"178":0,"179":0,"180":0,"181":0,"182":0,"183":0,"184":0,"185":0,"186":0,"187":0,"188":0,"189":1,"190":0,"191":0,"192":0,"193":0,"194":0,"195":0,"196":1,"197":0,"198":0,"199":0,"200":0,"201":0,"202":1,"203":0,"204":0,"205":0,"206":0,"207":0,"208":0,"209":0,"210":0,"211":0,"212":0,"213":0,"214":0,"215":0,"216":0,"217":0,"218":0,"219":0,"220":0,"221":0,"222":0,"223":0,"224":0,"225":0,"226":0,"227":0,"228":0,"229":0,"230":0,"231":0,"232":0,"233":0,"234":0,"235":0,"236":0,"237":0,"238":0,"239":0,"240":0,"241":0,"242":0,"243":0,"244":0,"245":0,"246":0,"247":0,"248":0,"249":0,"250":0,"251":0,"252":0,"253":0,"254":0,"255":0,"256":0,"257":0,"258":0,"259":0,"260":0,"261":0,"262":0,"263":0,"264":0,"265":0,"266":0,"267":0,"268":0,"269":0,"270":1,"271":0,"272":0,"273":0,"274":0,"275":0,"276":0,"277":0,"278":0,"279":0,"280":0,"281":0,"282":0,"283":0,"284":0,"285":0,"286":0,"287":0,"288":0,"289":0,"290":0,"291":0,"292":0,"293":0,"294":0,"295":0,"296":0,"297":0,"298":0,"299":0,"300":0,"301":0,"302":0,"303":1,"304":0,"305":0,"306":0,"307":0,"308":0,"309":0,"310":0,"311":0,"312":0,"313":0,"314":0,"315":0,"316":0,"317":1,"318":0,"319":0,"320":0,"321":0,"322":0,"323":0,"324":0,"325":0,"326":0,"327":0,"328":0,"329":0,"330":0,"331":0,"332":0,"333":0,"334":0,"335":0,"336":0,"337":0,"338":0,"339":0,"340":0,"341":0,"342":1,"343":0,"344":0,"345":0,"346":0,"347":1,"348":0,"349":0,"350":0,"351":0,"352":0,"353":0,"354":0,"355":0,"356":0,"357":0,"358":0,"359":0,"360":0,"361":0,"362":0,"363":0,"364":0,"365":0,"366":0,"367":0,"368":0,"369":0,"370":0,"371":0,"372":0,"373":0,"374":0,"375":0,"376":1,"377":0,"378":0,"379":0,"380":0,"381":0,"382":0,"383":0,"384":0,"385":0,"386":0,"387":0,"388":0,"389":0,"390":0,"391":0,"392":0,"393":0,"394":0,"395":0,"396":0,"397":0,"398":0,"399":0,"400":0,"401":0,"402":0,"403":0,"404":0,"405":0,"406":0,"407":0,"408":0,"409":0,"410":0,"411":0,"412":0,"413":0,"414":0,"415":0,"416":0,"417":0,"418":0,"419":0,"420":0,"421":0,"422":0,"423":0,"424":0,"425":0,"426":0,"427":0,"428":0,"429":0,"430":0,"431":0,"432":0,"433":0,"434":1,"435":0,"436":0,"437":0,"438":0,"439":0,"440":0,"441":1,"442":0,"443":0,"444":0,"445":0,"446":0,"447":0,"448":0,"449":0,"450":0,"451":0,"452":0,"453":0,"454":0,"455":0,"456":0,"457":0,"458":0,"459":0,"460":1,"461":0,"462":0,"463":0,"464":0,"465":0,"466":0,"467":0,"468":0,"469":0,"470":0,"471":0,"472":1,"473":0,"474":0,"475":0,"476":0,"477":0,"478":0,"479":0,"480":1,"481":1,"482":0,"483":0,"484":0,"485":0,"486":0,"487":0,"488":0,"489":0,"490":0,"491":0,"492":0,"493":0,"494":0,"495":0,"496":0,"497":1,"498":0,"499":0,"500":0,"501":0,"502":0,"503":0,"504":0,"505":0,"506":0,"507":0,"508":0,"509":0,"510":0,"511":0,"512":0,"513":0,"514":0,"515":0,"516":0,"517":0,"518":0,"519":0,"520":0,"521":0,"522":0,"523":0,"524":0,"525":0,"526":0,"527":0,"528":0,"529":0,"530":0,"531":0,"532":0},"b":{"1":[0,0],"2":[0,0],"3":[0,0],"4":[0,0],"5":[0,0],"6":[0,0],"7":[0,0],"8":[0,0],"9":[0,0],"10":[0,0],"11":[0,0],"12":[0,0,0,0],"13":[0,0],"14":[0,0],"15":[0,0],"16":[0,0],"17":[0,0],"18":[0,0],"19":[0,0],"20":[0,0],"21":[0,0],"22":[0,0],"23":[0,0],"24":[0,0],"25":[0,0],"26":[0,0],"27":[0,0],"28":[0,0],"29":[0,0],"30":[0,0],"31":[0,0],"32":[0,0],"33":[0,0],"34":[0,0],"35":[0,0],"36":[0,0],"37":[0,0],"38":[0,0],"39":[0,0],"40":[0,0],"41":[0,0],"42":[0,0],"43":[0,0],"44":[0,0],"45":[0,0],"46":[0,0],"47":[0,0],"48":[0,0],"49":[0,0],"50":[0,0,0],"51":[0,0],"52":[0,0],"53":[0,0],"54":[0,0],"55":[0,0],"56":[0,0],"57":[0,0],"58":[0,0],"59":[0,0],"60":[0,0],"61":[0,0],"62":[0,0],"63":[0,0],"64":[0,0],"65":[0,0],"66":[0,0],"67":[0,0],"68":[0,0],"69":[0,0],"70":[0,0],"71":[0,0],"72":[0,0],"73":[0,0],"74":[0,0],"75":[0,0],"76":[0,0],"77":[0,0],"78":[0,0],"79":[0,0],"80":[0,0],"81":[0,0],"82":[0,0],"83":[0,0],"84":[0,0],"85":[0,0],"86":[0,0],"87":[0,0],"88":[0,0],"89":[0,0,0],"90":[0,0],"91":[0,0],"92":[0,0],"93":[0,0],"94":[0,0],"95":[0,0],"96":[0,0],"97":[0,0],"98":[0,0],"99":[0,0],"100":[0,0],"101":[0,0],"102":[0,0],"103":[0,0],"104":[0,0],"105":[0,0],"106":[0,0],"107":[0,0],"108":[0,0],"109":[0,0],"110":[0,0],"111":[0,0],"112":[0,0],"113":[0,0],"114":[0,0],"115":[0,0],"116":[0,0],"117":[0,0],"118":[0,0],"119":[0,0],"120":[0,0],"121":[0,0],"122":[0,0],"123":[0,0],"124":[0,0],"125":[0,0],"126":[0,0],"127":[0,0],"128":[0,0,0],"129":[0,0],"130":[0,0],"131":[0,0,0,0,0],"132":[0,0],"133":[0,0],"134":[0,0],"135":[0,0],"136":[0,0],"137":[0,0],"138":[0,0]},"f":{"1":0,"2":0,"3":0,"4":0,"5":0,"6":0,"7":0,"8":0,"9":0,"10":0,"11":0,"12":0,"13":0,"14":0,"15":0,"16":0,"17":0,"18":0,"19":0,"20":0,"21":0,"22":0,"23":0,"24":0,"25":0,"26":0,"27":0,"28":0,"29":0},"fnMap":{"1":{"name":"(anonymous_1)","line":1,"loc":{"start":{"line":1,"column":7},"end":{"line":1,"column":34}}},"2":{"name":"k","line":1,"loc":{"start":{"line":1,"column":50},"end":{"line":1,"column":2537}}},"3":{"name":"ab","line":1,"loc":{"start":{"line":1,"column":2537},"end":{"line":1,"column":2805}}},"4":{"name":"T","line":1,"loc":{"start":{"line":1,"column":2790},"end":{"line":1,"column":3069}}},"5":{"name":"X","line":1,"loc":{"start":{"line":1,"column":3055},"end":{"line":1,"column":3233}}},"6":{"name":"(anonymous_6)","line":1,"loc":{"start":{"line":1,"column":3804},"end":{"line":1,"column":3819}}},"7":{"name":"W","line":1,"loc":{"start":{"line":1,"column":3219},"end":{"line":1,"column":4228}}},"8":{"name":"(anonymous_8)","line":1,"loc":{"start":{"line":1,"column":5088},"end":{"line":1,"column":5100}}},"9":{"name":"a","line":1,"loc":{"start":{"line":1,"column":2524},"end":{"line":1,"column":5384}}},"10":{"name":"aa","line":1,"loc":{"start":{"line":1,"column":5384},"end":{"line":1,"column":5666}}},"11":{"name":"B","line":1,"loc":{"start":{"line":1,"column":5371},"end":{"line":1,"column":6127}}},"12":{"name":"o","line":1,"loc":{"start":{"line":1,"column":50},"end":{"line":1,"column":6232}}},"13":{"name":"g","line":1,"loc":{"start":{"line":1,"column":6219},"end":{"line":1,"column":6402}}},"14":{"name":"(anonymous_14)","line":1,"loc":{"start":{"line":1,"column":6419},"end":{"line":1,"column":6429}}},"15":{"name":"(anonymous_15)","line":1,"loc":{"start":{"line":1,"column":6721},"end":{"line":1,"column":6733}}},"16":{"name":"i","line":1,"loc":{"start":{"line":1,"column":6387},"end":{"line":1,"column":7533}}},"17":{"name":"Q","line":1,"loc":{"start":{"line":1,"column":50},"end":{"line":1,"column":9388}}},"18":{"name":"ae","line":1,"loc":{"start":{"line":1,"column":9388},"end":{"line":1,"column":9761}}},"19":{"name":"ad","line":1,"loc":{"start":{"line":1,"column":9746},"end":{"line":1,"column":10274}}},"20":{"name":"ai","line":1,"loc":{"start":{"line":1,"column":10275},"end":{"line":1,"column":10349}}},"21":{"name":"D","line":1,"loc":{"start":{"line":1,"column":9372},"end":{"line":1,"column":10983}}},"22":{"name":"c","line":1,"loc":{"start":{"line":1,"column":50},"end":{"line":1,"column":11917}}},"23":{"name":"q","line":1,"loc":{"start":{"line":1,"column":11902},"end":{"line":1,"column":12085}}},"24":{"name":"d","line":1,"loc":{"start":{"line":1,"column":50},"end":{"line":1,"column":14073}}},"25":{"name":"y","line":1,"loc":{"start":{"line":1,"column":14060},"end":{"line":1,"column":14285}}},"26":{"name":"b","line":1,"loc":{"start":{"line":1,"column":14268},"end":{"line":1,"column":14438}}},"27":{"name":"Y","line":1,"loc":{"start":{"line":1,"column":14439},"end":{"line":1,"column":14453}}},"28":{"name":"(anonymous_28)","line":1,"loc":{"start":{"line":1,"column":14666},"end":{"line":1,"column":14676}}},"29":{"name":"U","line":1,"loc":{"start":{"line":1,"column":14438},"end":{"line":1,"column":14789}}}},"statementMap":{"1":{"start":{"line":1,"column":0},"end":{"line":1,"column":7}},"2":{"start":{"line":1,"column":7},"end":{"line":1,"column":15785}},"3":{"start":{"line":1,"column":51},"end":{"line":1,"column":50}},"4":{"start":{"line":1,"column":50},"end":{"line":1,"column":49}},"5":{"start":{"line":1,"column":50},"end":{"line":1,"column":49}},"6":{"start":{"line":1,"column":50},"end":{"line":1,"column":49}},"7":{"start":{"line":1,"column":50},"end":{"line":1,"column":49}},"8":{"start":{"line":1,"column":50},"end":{"line":1,"column":49}},"9":{"start":{"line":1,"column":50},"end":{"line":1,"column":49}},"10":{"start":{"line":1,"column":50},"end":{"line":1,"column":49}},"11":{"start":{"line":1,"column":50},"end":{"line":1,"column":49}},"12":{"start":{"line":1,"column":50},"end":{"line":1,"column":49}},"13":{"start":{"line":1,"column":50},"end":{"line":1,"column":49}},"14":{"start":{"line":1,"column":50},"end":{"line":1,"column":49}},"15":{"start":{"line":1,"column":50},"end":{"line":1,"column":49}},"16":{"start":{"line":1,"column":50},"end":{"line":1,"column":49}},"17":{"start":{"line":1,"column":50},"end":{"line":1,"column":49}},"18":{"start":{"line":1,"column":50},"end":{"line":1,"column":49}},"19":{"start":{"line":1,"column":50},"end":{"line":1,"column":49}},"20":{"start":{"line":1,"column":50},"end":{"line":1,"column":49}},"21":{"start":{"line":1,"column":50},"end":{"line":1,"column":49}},"22":{"start":{"line":1,"column":50},"end":{"line":1,"column":49}},"23":{"start":{"line":1,"column":50},"end":{"line":1,"column":49}},"24":{"start":{"line":1,"column":50},"end":{"line":1,"column":49}},"25":{"start":{"line":1,"column":50},"end":{"line":1,"column":49}},"26":{"start":{"line":1,"column":50},"end":{"line":1,"column":49}},"27":{"start":{"line":1,"column":50},"end":{"line":1,"column":49}},"28":{"start":{"line":1,"column":50},"end":{"line":1,"column":49}},"29":{"start":{"line":1,"column":50},"end":{"line":1,"column":49}},"30":{"start":{"line":1,"column":50},"end":{"line":1,"column":49}},"31":{"start":{"line":1,"column":50},"end":{"line":1,"column":2524}},"32":{"start":{"line":1,"column":2538},"end":{"line":1,"column":2537}},"33":{"start":{"line":1,"column":2537},"end":{"line":1,"column":2536}},"34":{"start":{"line":1,"column":2537},"end":{"line":1,"column":2536}},"35":{"start":{"line":1,"column":2537},"end":{"line":1,"column":2572}},"36":{"start":{"line":1,"column":2604},"end":{"line":1,"column":2603}},"37":{"start":{"line":1,"column":2603},"end":{"line":1,"column":2616}},"38":{"start":{"line":1,"column":2634},"end":{"line":1,"column":2633}},"39":{"start":{"line":1,"column":2647},"end":{"line":1,"column":2646}},"40":{"start":{"line":1,"column":2730},"end":{"line":1,"column":2729}},"41":{"start":{"line":1,"column":2729},"end":{"line":1,"column":2728}},"42":{"start":{"line":1,"column":2729},"end":{"line":null,"column":-1}},"43":{"start":{"line":1,"column":2572},"end":{"line":1,"column":2537}},"44":{"start":{"line":1,"column":2537},"end":{"line":1,"column":2790}},"45":{"start":{"line":1,"column":2806},"end":{"line":1,"column":2805}},"46":{"start":{"line":1,"column":2805},"end":{"line":1,"column":2830}},"47":{"start":{"line":1,"column":2842},"end":{"line":1,"column":2841}},"48":{"start":{"line":1,"column":2830},"end":{"line":1,"column":2805}},"49":{"start":{"line":1,"column":2805},"end":{"line":1,"column":2804}},"50":{"start":{"line":1,"column":2805},"end":{"line":1,"column":2881}},"51":{"start":{"line":1,"column":2888},"end":{"line":1,"column":2887}},"52":{"start":{"line":1,"column":2903},"end":{"line":1,"column":2902}},"53":{"start":{"line":1,"column":2924},"end":{"line":1,"column":2923}},"54":{"start":{"line":1,"column":2964},"end":{"line":1,"column":2963}},"55":{"start":{"line":1,"column":2987},"end":{"line":1,"column":2986}},"56":{"start":{"line":1,"column":3028},"end":{"line":1,"column":3027}},"57":{"start":{"line":1,"column":2790},"end":{"line":1,"column":3055}},"58":{"start":{"line":1,"column":3070},"end":{"line":1,"column":3069}},"59":{"start":{"line":1,"column":3080},"end":{"line":1,"column":3079}},"60":{"start":{"line":1,"column":3070},"end":{"line":1,"column":3069}},"61":{"start":{"line":1,"column":3069},"end":{"line":1,"column":3154}},"62":{"start":{"line":1,"column":3198},"end":{"line":1,"column":3197}},"63":{"start":{"line":1,"column":3154},"end":{"line":1,"column":3069}},"64":{"start":{"line":1,"column":3055},"end":{"line":1,"column":3219}},"65":{"start":{"line":1,"column":3234},"end":{"line":1,"column":3233}},"66":{"start":{"line":1,"column":3233},"end":{"line":1,"column":3232}},"67":{"start":{"line":1,"column":3233},"end":{"line":1,"column":3232}},"68":{"start":{"line":1,"column":3233},"end":{"line":1,"column":3232}},"69":{"start":{"line":1,"column":3233},"end":{"line":1,"column":3432}},"70":{"start":{"line":1,"column":3475},"end":{"line":1,"column":3474}},"71":{"start":{"line":1,"column":3474},"end":{"line":1,"column":3489}},"72":{"start":{"line":1,"column":3514},"end":{"line":1,"column":3513}},"73":{"start":{"line":1,"column":3531},"end":{"line":1,"column":3530}},"74":{"start":{"line":1,"column":3530},"end":{"line":1,"column":3529}},"75":{"start":{"line":1,"column":3530},"end":{"line":1,"column":3552}},"76":{"start":{"line":1,"column":3580},"end":{"line":1,"column":3579}},"77":{"start":{"line":1,"column":3579},"end":{"line":1,"column":3578}},"78":{"start":{"line":1,"column":3607},"end":{"line":1,"column":3606}},"79":{"start":{"line":1,"column":3552},"end":{"line":1,"column":3530}},"80":{"start":{"line":1,"column":3530},"end":{"line":1,"column":3630}},"81":{"start":{"line":1,"column":3651},"end":{"line":1,"column":3650}},"82":{"start":{"line":1,"column":3671},"end":{"line":1,"column":3670}},"83":{"start":{"line":1,"column":3651},"end":{"line":1,"column":3720}},"84":{"start":{"line":1,"column":3741},"end":{"line":1,"column":3740}},"85":{"start":{"line":1,"column":3432},"end":{"line":1,"column":3233}},"86":{"start":{"line":1,"column":3820},"end":{"line":1,"column":3819}},"87":{"start":{"line":1,"column":3233},"end":{"line":1,"column":3232}},"88":{"start":{"line":1,"column":3233},"end":{"line":1,"column":3232}},"89":{"start":{"line":1,"column":3233},"end":{"line":1,"column":3884}},"90":{"start":{"line":1,"column":3916},"end":{"line":1,"column":3915}},"91":{"start":{"line":1,"column":3915},"end":{"line":1,"column":3930}},"92":{"start":{"line":1,"column":3949},"end":{"line":1,"column":3948}},"93":{"start":{"line":1,"column":3982},"end":{"line":1,"column":3981}},"94":{"start":{"line":1,"column":3884},"end":{"line":1,"column":3233}},"95":{"start":{"line":1,"column":3233},"end":{"line":1,"column":4011}},"96":{"start":{"line":1,"column":4018},"end":{"line":1,"column":4017}},"97":{"start":{"line":1,"column":4011},"end":{"line":1,"column":3233}},"98":{"start":{"line":1,"column":3233},"end":{"line":1,"column":4052}},"99":{"start":{"line":1,"column":4084},"end":{"line":1,"column":4083}},"100":{"start":{"line":1,"column":4083},"end":{"line":1,"column":4082}},"101":{"start":{"line":1,"column":4083},"end":{"line":1,"column":4116}},"102":{"start":{"line":1,"column":4132},"end":{"line":1,"column":4131}},"103":{"start":{"line":1,"column":4150},"end":{"line":1,"column":4149}},"104":{"start":{"line":1,"column":4132},"end":{"line":1,"column":4131}},"105":{"start":{"line":1,"column":4052},"end":{"line":1,"column":3233}},"106":{"start":{"line":1,"column":3233},"end":{"line":1,"column":3232}},"107":{"start":{"line":1,"column":3219},"end":{"line":1,"column":4214}},"108":{"start":{"line":1,"column":4229},"end":{"line":1,"column":4228}},"109":{"start":{"line":1,"column":4228},"end":{"line":1,"column":4227}},"110":{"start":{"line":1,"column":4228},"end":{"line":1,"column":4227}},"111":{"start":{"line":1,"column":4228},"end":{"line":1,"column":4452}},"112":{"start":{"line":1,"column":4482},"end":{"line":1,"column":4481}},"113":{"start":{"line":1,"column":4481},"end":{"line":1,"column":4496}},"114":{"start":{"line":1,"column":4509},"end":{"line":1,"column":4508}},"115":{"start":{"line":1,"column":4519},"end":{"line":1,"column":4518}},"116":{"start":{"line":1,"column":4543},"end":{"line":1,"column":4542}},"117":{"start":{"line":1,"column":4542},"end":{"line":1,"column":4567}},"118":{"start":{"line":1,"column":4582},"end":{"line":1,"column":4581}},"119":{"start":{"line":1,"column":4452},"end":{"line":1,"column":4595}},"120":{"start":{"line":1,"column":4627},"end":{"line":1,"column":4626}},"121":{"start":{"line":1,"column":4643},"end":{"line":1,"column":4642}},"122":{"start":{"line":1,"column":4595},"end":{"line":1,"column":4656}},"123":{"start":{"line":1,"column":4686},"end":{"line":1,"column":4685}},"124":{"start":{"line":1,"column":4685},"end":{"line":1,"column":4700}},"125":{"start":{"line":1,"column":4713},"end":{"line":1,"column":4712}},"126":{"start":{"line":1,"column":4712},"end":{"line":1,"column":4718}},"127":{"start":{"line":1,"column":4741},"end":{"line":1,"column":4740}},"128":{"start":{"line":1,"column":4760},"end":{"line":1,"column":4759}},"129":{"start":{"line":1,"column":4784},"end":{"line":1,"column":4783}},"130":{"start":{"line":1,"column":4783},"end":{"line":1,"column":4808}},"131":{"start":{"line":1,"column":4823},"end":{"line":1,"column":4822}},"132":{"start":{"line":1,"column":4656},"end":{"line":1,"column":4845}},"133":{"start":{"line":1,"column":4875},"end":{"line":1,"column":4874}},"134":{"start":{"line":1,"column":4908},"end":{"line":1,"column":4907}},"135":{"start":{"line":1,"column":4845},"end":{"line":1,"column":4919}},"136":{"start":{"line":1,"column":4940},"end":{"line":1,"column":4939}},"137":{"start":{"line":1,"column":4965},"end":{"line":1,"column":4964}},"138":{"start":{"line":1,"column":4964},"end":{"line":1,"column":4963}},"139":{"start":{"line":1,"column":4964},"end":{"line":1,"column":4999}},"140":{"start":{"line":1,"column":5026},"end":{"line":1,"column":5025}},"141":{"start":{"line":1,"column":5044},"end":{"line":1,"column":5043}},"142":{"start":{"line":1,"column":5058},"end":{"line":1,"column":5057}},"143":{"start":{"line":1,"column":5101},"end":{"line":1,"column":5100}},"144":{"start":{"line":1,"column":5100},"end":{"line":1,"column":5099}},"145":{"start":{"line":1,"column":4919},"end":{"line":1,"column":4228}},"146":{"start":{"line":1,"column":4214},"end":{"line":1,"column":2537}},"147":{"start":{"line":1,"column":2537},"end":{"line":1,"column":5207}},"148":{"start":{"line":1,"column":5239},"end":{"line":1,"column":5238}},"149":{"start":{"line":1,"column":5238},"end":{"line":1,"column":5251}},"150":{"start":{"line":1,"column":5279},"end":{"line":1,"column":5278}},"151":{"start":{"line":1,"column":5251},"end":{"line":1,"column":5238}},"152":{"start":{"line":1,"column":5207},"end":{"line":1,"column":2537}},"153":{"start":{"line":1,"column":2524},"end":{"line":1,"column":5371}},"154":{"start":{"line":1,"column":5385},"end":{"line":1,"column":5384}},"155":{"start":{"line":1,"column":5384},"end":{"line":1,"column":5383}},"156":{"start":{"line":1,"column":5384},"end":{"line":1,"column":5383}},"157":{"start":{"line":1,"column":5384},"end":{"line":1,"column":5383}},"158":{"start":{"line":1,"column":5384},"end":{"line":1,"column":5383}},"159":{"start":{"line":1,"column":5384},"end":{"line":1,"column":5383}},"160":{"start":{"line":1,"column":5384},"end":{"line":1,"column":5456}},"161":{"start":{"line":1,"column":5475},"end":{"line":1,"column":5474}},"162":{"start":{"line":1,"column":5508},"end":{"line":1,"column":5507}},"163":{"start":{"line":1,"column":5536},"end":{"line":1,"column":5535}},"164":{"start":{"line":1,"column":5456},"end":{"line":1,"column":5384}},"165":{"start":{"line":1,"column":5384},"end":{"line":1,"column":5651}},"166":{"start":{"line":1,"column":5667},"end":{"line":1,"column":5666}},"167":{"start":{"line":1,"column":5694},"end":{"line":1,"column":5693}},"168":{"start":{"line":1,"column":5719},"end":{"line":1,"column":5718}},"169":{"start":{"line":1,"column":5694},"end":{"line":1,"column":5726}},"170":{"start":{"line":1,"column":5773},"end":{"line":1,"column":5772}},"171":{"start":{"line":1,"column":5726},"end":{"line":1,"column":5687}},"172":{"start":{"line":1,"column":5687},"end":{"line":1,"column":5799}},"173":{"start":{"line":1,"column":5824},"end":{"line":1,"column":5823}},"174":{"start":{"line":1,"column":5823},"end":{"line":1,"column":5822}},"175":{"start":{"line":1,"column":5823},"end":{"line":1,"column":5822}},"176":{"start":{"line":1,"column":5799},"end":{"line":1,"column":5687}},"177":{"start":{"line":1,"column":5883},"end":{"line":1,"column":5876}},"178":{"start":{"line":1,"column":5876},"end":{"line":1,"column":5903}},"179":{"start":{"line":1,"column":5917},"end":{"line":1,"column":5916}},"180":{"start":{"line":1,"column":5924},"end":{"line":1,"column":5923}},"181":{"start":{"line":1,"column":5962},"end":{"line":1,"column":5961}},"182":{"start":{"line":1,"column":5917},"end":{"line":1,"column":5916}},"183":{"start":{"line":1,"column":5916},"end":{"line":1,"column":5915}},"184":{"start":{"line":1,"column":5916},"end":{"line":1,"column":5915}},"185":{"start":{"line":1,"column":5916},"end":{"line":1,"column":5915}},"186":{"start":{"line":1,"column":5903},"end":{"line":1,"column":5876}},"187":{"start":{"line":1,"column":5651},"end":{"line":1,"column":5384}},"188":{"start":{"line":1,"column":5384},"end":{"line":1,"column":5383}},"189":{"start":{"line":1,"column":5371},"end":{"line":1,"column":6108}},"190":{"start":{"line":1,"column":6128},"end":{"line":1,"column":6127}},"191":{"start":{"line":1,"column":6135},"end":{"line":1,"column":6134}},"192":{"start":{"line":1,"column":6128},"end":{"line":1,"column":6127}},"193":{"start":{"line":1,"column":6127},"end":{"line":1,"column":6126}},"194":{"start":{"line":1,"column":6127},"end":{"line":1,"column":6126}},"195":{"start":{"line":1,"column":6108},"end":{"line":1,"column":50}},"196":{"start":{"line":1,"column":50},"end":{"line":1,"column":6219}},"197":{"start":{"line":1,"column":6233},"end":{"line":1,"column":6232}},"198":{"start":{"line":1,"column":6232},"end":{"line":1,"column":6249}},"199":{"start":{"line":1,"column":6291},"end":{"line":1,"column":6290}},"200":{"start":{"line":1,"column":6290},"end":{"line":1,"column":6289}},"201":{"start":{"line":1,"column":6249},"end":{"line":1,"column":6232}},"202":{"start":{"line":1,"column":6219},"end":{"line":1,"column":6387}},"203":{"start":{"line":1,"column":6403},"end":{"line":1,"column":6402}},"204":{"start":{"line":1,"column":6402},"end":{"line":1,"column":6401}},"205":{"start":{"line":1,"column":6402},"end":{"line":1,"column":6401}},"206":{"start":{"line":1,"column":6430},"end":{"line":1,"column":6429}},"207":{"start":{"line":1,"column":6429},"end":{"line":1,"column":6428}},"208":{"start":{"line":1,"column":6429},"end":{"line":1,"column":6428}},"209":{"start":{"line":1,"column":6429},"end":{"line":1,"column":6469}},"210":{"start":{"line":1,"column":6505},"end":{"line":1,"column":6504}},"211":{"start":{"line":1,"column":6504},"end":{"line":1,"column":6503}},"212":{"start":{"line":1,"column":6504},"end":{"line":1,"column":6530}},"213":{"start":{"line":1,"column":6537},"end":{"line":1,"column":6536}},"214":{"start":{"line":1,"column":6568},"end":{"line":1,"column":6567}},"215":{"start":{"line":1,"column":6530},"end":{"line":1,"column":6504}},"216":{"start":{"line":1,"column":6504},"end":{"line":1,"column":6503}},"217":{"start":{"line":1,"column":6504},"end":{"line":1,"column":6613}},"218":{"start":{"line":1,"column":6640},"end":{"line":1,"column":6639}},"219":{"start":{"line":1,"column":6639},"end":{"line":1,"column":6638}},"220":{"start":{"line":1,"column":6469},"end":{"line":1,"column":6429}},"221":{"start":{"line":1,"column":6429},"end":{"line":1,"column":6428}},"222":{"start":{"line":1,"column":6402},"end":{"line":1,"column":6401}},"223":{"start":{"line":1,"column":6402},"end":{"line":1,"column":6401}},"224":{"start":{"line":1,"column":6734},"end":{"line":1,"column":6733}},"225":{"start":{"line":1,"column":6733},"end":{"line":1,"column":6732}},"226":{"start":{"line":1,"column":6733},"end":{"line":1,"column":6732}},"227":{"start":{"line":1,"column":6733},"end":{"line":1,"column":6732}},"228":{"start":{"line":1,"column":6733},"end":{"line":1,"column":6732}},"229":{"start":{"line":1,"column":6733},"end":{"line":1,"column":6821}},"230":{"start":{"line":1,"column":6859},"end":{"line":1,"column":6858}},"231":{"start":{"line":1,"column":6858},"end":{"line":1,"column":6857}},"232":{"start":{"line":1,"column":6858},"end":{"line":1,"column":6857}},"233":{"start":{"line":1,"column":6858},"end":{"line":1,"column":6857}},"234":{"start":{"line":1,"column":6858},"end":{"line":1,"column":6908}},"235":{"start":{"line":1,"column":6933},"end":{"line":1,"column":6932}},"236":{"start":{"line":1,"column":6947},"end":{"line":1,"column":6946}},"237":{"start":{"line":1,"column":6946},"end":{"line":1,"column":6970}},"238":{"start":{"line":1,"column":6977},"end":{"line":1,"column":6976}},"239":{"start":{"line":1,"column":6976},"end":{"line":1,"column":6975}},"240":{"start":{"line":1,"column":7010},"end":{"line":1,"column":7009}},"241":{"start":{"line":1,"column":7034},"end":{"line":1,"column":7033}},"242":{"start":{"line":1,"column":7033},"end":{"line":1,"column":7032}},"243":{"start":{"line":1,"column":7033},"end":{"line":1,"column":7062}},"244":{"start":{"line":1,"column":7069},"end":{"line":1,"column":7068}},"245":{"start":{"line":1,"column":7068},"end":{"line":null,"column":-1}},"246":{"start":{"line":1,"column":7010},"end":{"line":1,"column":7085}},"247":{"start":{"line":1,"column":7093},"end":{"line":1,"column":7092}},"248":{"start":{"line":1,"column":6970},"end":{"line":1,"column":6946}},"249":{"start":{"line":1,"column":6946},"end":{"line":1,"column":7144}},"250":{"start":{"line":1,"column":7183},"end":{"line":1,"column":7182}},"251":{"start":{"line":1,"column":7182},"end":{"line":1,"column":7181}},"252":{"start":{"line":1,"column":7144},"end":{"line":1,"column":7197}},"253":{"start":{"line":1,"column":7205},"end":{"line":1,"column":7204}},"254":{"start":{"line":1,"column":6908},"end":{"line":1,"column":6858}},"255":{"start":{"line":1,"column":6858},"end":{"line":1,"column":6857}},"256":{"start":{"line":1,"column":6858},"end":{"line":1,"column":7240}},"257":{"start":{"line":1,"column":7248},"end":{"line":1,"column":7247}},"258":{"start":{"line":1,"column":7270},"end":{"line":1,"column":7269}},"259":{"start":{"line":1,"column":7269},"end":{"line":1,"column":7268}},"260":{"start":{"line":1,"column":7269},"end":{"line":1,"column":7268}},"261":{"start":{"line":1,"column":7269},"end":{"line":1,"column":7325}},"262":{"start":{"line":1,"column":7335},"end":{"line":1,"column":7334}},"263":{"start":{"line":1,"column":7334},"end":{"line":1,"column":7333}},"264":{"start":{"line":1,"column":7325},"end":{"line":1,"column":7269}},"265":{"start":{"line":1,"column":7269},"end":{"line":1,"column":7268}},"266":{"start":{"line":1,"column":7269},"end":{"line":1,"column":7268}},"267":{"start":{"line":1,"column":7269},"end":{"line":1,"column":7268}},"268":{"start":{"line":1,"column":6821},"end":{"line":1,"column":6733}},"269":{"start":{"line":1,"column":6402},"end":{"line":1,"column":6401}},"270":{"start":{"line":1,"column":6387},"end":{"line":1,"column":7520}},"271":{"start":{"line":1,"column":7534},"end":{"line":1,"column":7533}},"272":{"start":{"line":1,"column":7533},"end":{"line":1,"column":7548}},"273":{"start":{"line":1,"column":7574},"end":{"line":1,"column":7573}},"274":{"start":{"line":1,"column":7787},"end":{"line":1,"column":7786}},"275":{"start":{"line":1,"column":7810},"end":{"line":1,"column":7809}},"276":{"start":{"line":1,"column":7942},"end":{"line":1,"column":7941}},"277":{"start":{"line":1,"column":7548},"end":{"line":1,"column":8035}},"278":{"start":{"line":1,"column":8057},"end":{"line":1,"column":8056}},"279":{"start":{"line":1,"column":8035},"end":{"line":1,"column":7533}},"280":{"start":{"line":1,"column":7533},"end":{"line":1,"column":8125}},"281":{"start":{"line":1,"column":8131},"end":{"line":1,"column":8130}},"282":{"start":{"line":1,"column":8152},"end":{"line":1,"column":8151}},"283":{"start":{"line":1,"column":8160},"end":{"line":1,"column":8159}},"284":{"start":{"line":1,"column":8226},"end":{"line":1,"column":8225}},"285":{"start":{"line":1,"column":8152},"end":{"line":1,"column":8151}},"286":{"start":{"line":1,"column":8439},"end":{"line":1,"column":8438}},"287":{"start":{"line":1,"column":8125},"end":{"line":1,"column":8474}},"288":{"start":{"line":1,"column":8495},"end":{"line":1,"column":8494}},"289":{"start":{"line":1,"column":8494},"end":{"line":1,"column":8493}},"290":{"start":{"line":1,"column":8474},"end":{"line":1,"column":8571}},"291":{"start":{"line":1,"column":8591},"end":{"line":1,"column":8590}},"292":{"start":{"line":1,"column":8590},"end":{"line":1,"column":8589}},"293":{"start":{"line":1,"column":8571},"end":{"line":1,"column":7533}},"294":{"start":{"line":1,"column":7533},"end":{"line":1,"column":8760}},"295":{"start":{"line":1,"column":8766},"end":{"line":1,"column":8765}},"296":{"start":{"line":1,"column":8760},"end":{"line":1,"column":7533}},"297":{"start":{"line":1,"column":7533},"end":{"line":1,"column":8823}},"298":{"start":{"line":1,"column":8836},"end":{"line":1,"column":8835}},"299":{"start":{"line":1,"column":8823},"end":{"line":1,"column":7533}},"300":{"start":{"line":1,"column":7533},"end":{"line":1,"column":7532}},"301":{"start":{"line":1,"column":7533},"end":{"line":1,"column":7532}},"302":{"start":{"line":1,"column":7520},"end":{"line":1,"column":50}},"303":{"start":{"line":1,"column":50},"end":{"line":1,"column":9372}},"304":{"start":{"line":1,"column":9389},"end":{"line":1,"column":9388}},"305":{"start":{"line":1,"column":9388},"end":{"line":1,"column":9387}},"306":{"start":{"line":1,"column":9388},"end":{"line":1,"column":9387}},"307":{"start":{"line":1,"column":9388},"end":{"line":1,"column":9387}},"308":{"start":{"line":1,"column":9388},"end":{"line":1,"column":9467}},"309":{"start":{"line":1,"column":9486},"end":{"line":1,"column":9485}},"310":{"start":{"line":1,"column":9519},"end":{"line":1,"column":9518}},"311":{"start":{"line":1,"column":9547},"end":{"line":1,"column":9546}},"312":{"start":{"line":1,"column":9467},"end":{"line":1,"column":9388}},"313":{"start":{"line":1,"column":9388},"end":{"line":1,"column":9387}},"314":{"start":{"line":1,"column":9388},"end":{"line":1,"column":9686}},"315":{"start":{"line":1,"column":9706},"end":{"line":1,"column":9705}},"316":{"start":{"line":1,"column":9686},"end":{"line":1,"column":9388}},"317":{"start":{"line":1,"column":9388},"end":{"line":1,"column":9746}},"318":{"start":{"line":1,"column":9762},"end":{"line":1,"column":9761}},"319":{"start":{"line":1,"column":9789},"end":{"line":1,"column":9788}},"320":{"start":{"line":1,"column":9814},"end":{"line":1,"column":9813}},"321":{"start":{"line":1,"column":9789},"end":{"line":1,"column":9820}},"322":{"start":{"line":1,"column":9843},"end":{"line":1,"column":9842}},"323":{"start":{"line":1,"column":9842},"end":{"line":1,"column":9850}},"324":{"start":{"line":1,"column":9868},"end":{"line":1,"column":9867}},"325":{"start":{"line":1,"column":9904},"end":{"line":1,"column":9903}},"326":{"start":{"line":1,"column":9951},"end":{"line":1,"column":9950}},"327":{"start":{"line":1,"column":9820},"end":{"line":1,"column":9782}},"328":{"start":{"line":1,"column":9979},"end":{"line":1,"column":9978}},"329":{"start":{"line":1,"column":9985},"end":{"line":1,"column":9984}},"330":{"start":{"line":1,"column":9984},"end":{"line":1,"column":9983}},"331":{"start":{"line":1,"column":9984},"end":{"line":1,"column":10025}},"332":{"start":{"line":1,"column":10032},"end":{"line":1,"column":10031}},"333":{"start":{"line":1,"column":10031},"end":{"line":1,"column":10030}},"334":{"start":{"line":1,"column":10031},"end":{"line":1,"column":10030}},"335":{"start":{"line":1,"column":10031},"end":{"line":1,"column":10123}},"336":{"start":{"line":1,"column":10130},"end":{"line":1,"column":10129}},"337":{"start":{"line":1,"column":10129},"end":{"line":1,"column":10128}},"338":{"start":{"line":1,"column":10123},"end":{"line":1,"column":10031}},"339":{"start":{"line":1,"column":10031},"end":{"line":1,"column":10212}},"340":{"start":{"line":1,"column":10220},"end":{"line":1,"column":10219}},"341":{"start":{"line":1,"column":9979},"end":{"line":1,"column":9972}},"342":{"start":{"line":1,"column":9746},"end":{"line":1,"column":10259}},"343":{"start":{"line":1,"column":10275},"end":{"line":1,"column":10274}},"344":{"start":{"line":1,"column":10298},"end":{"line":1,"column":10297}},"345":{"start":{"line":1,"column":10297},"end":{"line":1,"column":10315}},"346":{"start":{"line":1,"column":10323},"end":{"line":1,"column":10322}},"347":{"start":{"line":1,"column":10275},"end":{"line":1,"column":10331}},"348":{"start":{"line":1,"column":10350},"end":{"line":1,"column":10349}},"349":{"start":{"line":1,"column":10349},"end":{"line":1,"column":10348}},"350":{"start":{"line":1,"column":10349},"end":{"line":1,"column":10404}},"351":{"start":{"line":1,"column":10411},"end":{"line":1,"column":10410}},"352":{"start":{"line":1,"column":10410},"end":{"line":1,"column":10409}},"353":{"start":{"line":1,"column":10410},"end":{"line":1,"column":10409}},"354":{"start":{"line":1,"column":10410},"end":{"line":1,"column":10468}},"355":{"start":{"line":1,"column":10492},"end":{"line":1,"column":10491}},"356":{"start":{"line":1,"column":10491},"end":{"line":1,"column":10490}},"357":{"start":{"line":1,"column":10404},"end":{"line":1,"column":10349}},"358":{"start":{"line":1,"column":10331},"end":{"line":1,"column":10274}},"359":{"start":{"line":1,"column":10274},"end":{"line":1,"column":10568}},"360":{"start":{"line":1,"column":10617},"end":{"line":1,"column":10616}},"361":{"start":{"line":1,"column":10568},"end":{"line":1,"column":10274}},"362":{"start":{"line":1,"column":10259},"end":{"line":1,"column":10634}},"363":{"start":{"line":1,"column":10662},"end":{"line":1,"column":10661}},"364":{"start":{"line":1,"column":10634},"end":{"line":1,"column":10671}},"365":{"start":{"line":1,"column":10687},"end":{"line":1,"column":10686}},"366":{"start":{"line":1,"column":10671},"end":{"line":1,"column":9388}},"367":{"start":{"line":1,"column":9388},"end":{"line":1,"column":9387}},"368":{"start":{"line":1,"column":9388},"end":{"line":1,"column":9387}},"369":{"start":{"line":1,"column":9388},"end":{"line":1,"column":10803}},"370":{"start":{"line":1,"column":10835},"end":{"line":1,"column":10834}},"371":{"start":{"line":1,"column":10834},"end":{"line":1,"column":10833}},"372":{"start":{"line":1,"column":10834},"end":{"line":1,"column":10871}},"373":{"start":{"line":1,"column":10890},"end":{"line":1,"column":10889}},"374":{"start":{"line":1,"column":10871},"end":{"line":1,"column":10834}},"375":{"start":{"line":1,"column":10803},"end":{"line":1,"column":9388}},"376":{"start":{"line":1,"column":9372},"end":{"line":1,"column":10969}},"377":{"start":{"line":1,"column":10984},"end":{"line":1,"column":10983}},"378":{"start":{"line":1,"column":10983},"end":{"line":1,"column":10982}},"379":{"start":{"line":1,"column":10983},"end":{"line":1,"column":10982}},"380":{"start":{"line":1,"column":10983},"end":{"line":1,"column":10982}},"381":{"start":{"line":1,"column":10983},"end":{"line":1,"column":10982}},"382":{"start":{"line":1,"column":10983},"end":{"line":1,"column":10982}},"383":{"start":{"line":1,"column":10983},"end":{"line":1,"column":10982}},"384":{"start":{"line":1,"column":10983},"end":{"line":1,"column":10982}},"385":{"start":{"line":1,"column":10983},"end":{"line":1,"column":10982}},"386":{"start":{"line":1,"column":10983},"end":{"line":1,"column":10982}},"387":{"start":{"line":1,"column":10983},"end":{"line":1,"column":10982}},"388":{"start":{"line":1,"column":10983},"end":{"line":1,"column":10982}},"389":{"start":{"line":1,"column":10983},"end":{"line":1,"column":10982}},"390":{"start":{"line":1,"column":10983},"end":{"line":1,"column":11190}},"391":{"start":{"line":1,"column":11209},"end":{"line":1,"column":11208}},"392":{"start":{"line":1,"column":11229},"end":{"line":1,"column":11228}},"393":{"start":{"line":1,"column":11228},"end":{"line":1,"column":11227}},"394":{"start":{"line":1,"column":11266},"end":{"line":1,"column":11265}},"395":{"start":{"line":1,"column":11190},"end":{"line":1,"column":10983}},"396":{"start":{"line":1,"column":10983},"end":{"line":1,"column":11278}},"397":{"start":{"line":1,"column":11297},"end":{"line":1,"column":11296}},"398":{"start":{"line":1,"column":11296},"end":{"line":1,"column":11295}},"399":{"start":{"line":1,"column":11296},"end":{"line":1,"column":11295}},"400":{"start":{"line":1,"column":11296},"end":{"line":1,"column":11336}},"401":{"start":{"line":1,"column":11363},"end":{"line":1,"column":11362}},"402":{"start":{"line":1,"column":11336},"end":{"line":1,"column":11296}},"403":{"start":{"line":1,"column":11296},"end":{"line":1,"column":11295}},"404":{"start":{"line":1,"column":11296},"end":{"line":1,"column":11295}},"405":{"start":{"line":1,"column":11278},"end":{"line":1,"column":10983}},"406":{"start":{"line":1,"column":10983},"end":{"line":1,"column":10982}},"407":{"start":{"line":1,"column":10983},"end":{"line":1,"column":11421}},"408":{"start":{"line":1,"column":11433},"end":{"line":1,"column":11432}},"409":{"start":{"line":1,"column":11432},"end":{"line":1,"column":11431}},"410":{"start":{"line":1,"column":11432},"end":{"line":1,"column":11431}},"411":{"start":{"line":1,"column":11432},"end":{"line":1,"column":11431}},"412":{"start":{"line":1,"column":11432},"end":{"line":1,"column":11431}},"413":{"start":{"line":1,"column":11432},"end":{"line":1,"column":11431}},"414":{"start":{"line":1,"column":11432},"end":{"line":1,"column":11431}},"415":{"start":{"line":1,"column":11432},"end":{"line":1,"column":11539}},"416":{"start":{"line":1,"column":11582},"end":{"line":1,"column":11581}},"417":{"start":{"line":1,"column":11589},"end":{"line":1,"column":11588}},"418":{"start":{"line":1,"column":11582},"end":{"line":1,"column":11581}},"419":{"start":{"line":1,"column":11581},"end":{"line":1,"column":11580}},"420":{"start":{"line":1,"column":11581},"end":{"line":1,"column":11580}},"421":{"start":{"line":1,"column":11581},"end":{"line":1,"column":11580}},"422":{"start":{"line":1,"column":11581},"end":{"line":1,"column":11580}},"423":{"start":{"line":1,"column":11581},"end":{"line":1,"column":11580}},"424":{"start":{"line":1,"column":11581},"end":{"line":1,"column":11580}},"425":{"start":{"line":1,"column":11581},"end":{"line":1,"column":11764}},"426":{"start":{"line":1,"column":11772},"end":{"line":1,"column":11771}},"427":{"start":{"line":1,"column":11771},"end":{"line":1,"column":11770}},"428":{"start":{"line":1,"column":11539},"end":{"line":1,"column":11432}},"429":{"start":{"line":1,"column":11432},"end":{"line":1,"column":11861}},"430":{"start":{"line":1,"column":11870},"end":{"line":1,"column":11869}},"431":{"start":{"line":1,"column":11861},"end":{"line":1,"column":11876}},"432":{"start":{"line":1,"column":11886},"end":{"line":1,"column":11885}},"433":{"start":{"line":1,"column":10969},"end":{"line":1,"column":50}},"434":{"start":{"line":1,"column":50},"end":{"line":1,"column":11902}},"435":{"start":{"line":1,"column":11918},"end":{"line":1,"column":11917}},"436":{"start":{"line":1,"column":11946},"end":{"line":1,"column":11945}},"437":{"start":{"line":1,"column":11945},"end":{"line":1,"column":11957}},"438":{"start":{"line":1,"column":11982},"end":{"line":1,"column":11981}},"439":{"start":{"line":1,"column":11994},"end":{"line":1,"column":11993}},"440":{"start":{"line":1,"column":12013},"end":{"line":1,"column":12012}},"441":{"start":{"line":1,"column":11902},"end":{"line":1,"column":12070}},"442":{"start":{"line":1,"column":12086},"end":{"line":1,"column":12085}},"443":{"start":{"line":1,"column":12116},"end":{"line":1,"column":12115}},"444":{"start":{"line":1,"column":12086},"end":{"line":1,"column":12085}},"445":{"start":{"line":1,"column":12070},"end":{"line":1,"column":50}},"446":{"start":{"line":1,"column":50},"end":{"line":1,"column":49}},"447":{"start":{"line":1,"column":50},"end":{"line":1,"column":49}},"448":{"start":{"line":1,"column":50},"end":{"line":1,"column":49}},"449":{"start":{"line":1,"column":50},"end":{"line":1,"column":49}},"450":{"start":{"line":1,"column":50},"end":{"line":1,"column":49}},"451":{"start":{"line":1,"column":50},"end":{"line":1,"column":49}},"452":{"start":{"line":1,"column":50},"end":{"line":1,"column":49}},"453":{"start":{"line":1,"column":50},"end":{"line":1,"column":49}},"454":{"start":{"line":1,"column":50},"end":{"line":1,"column":49}},"455":{"start":{"line":1,"column":50},"end":{"line":1,"column":49}},"456":{"start":{"line":1,"column":50},"end":{"line":1,"column":49}},"457":{"start":{"line":1,"column":50},"end":{"line":1,"column":49}},"458":{"start":{"line":1,"column":50},"end":{"line":1,"column":49}},"459":{"start":{"line":1,"column":50},"end":{"line":1,"column":49}},"460":{"start":{"line":1,"column":50},"end":{"line":1,"column":14060}},"461":{"start":{"line":1,"column":14074},"end":{"line":1,"column":14073}},"462":{"start":{"line":1,"column":14073},"end":{"line":1,"column":14199}},"463":{"start":{"line":1,"column":14100},"end":{"line":1,"column":14099}},"464":{"start":{"line":1,"column":14099},"end":{"line":1,"column":14098}},"465":{"start":{"line":1,"column":14099},"end":{"line":1,"column":14098}},"466":{"start":{"line":1,"column":14099},"end":{"line":1,"column":14098}},"467":{"start":{"line":1,"column":14099},"end":{"line":1,"column":14098}},"468":{"start":{"line":1,"column":14099},"end":{"line":1,"column":14098}},"469":{"start":{"line":1,"column":14099},"end":{"line":1,"column":14098}},"470":{"start":{"line":1,"column":14208},"end":{"line":1,"column":14207}},"471":{"start":{"line":1,"column":14232},"end":{"line":1,"column":14231}},"472":{"start":{"line":1,"column":14060},"end":{"line":1,"column":14268}},"473":{"start":{"line":1,"column":14286},"end":{"line":1,"column":14285}},"474":{"start":{"line":1,"column":14285},"end":{"line":1,"column":14284}},"475":{"start":{"line":1,"column":14285},"end":{"line":1,"column":14336}},"476":{"start":{"line":1,"column":14342},"end":{"line":1,"column":14341}},"477":{"start":{"line":1,"column":14336},"end":{"line":1,"column":14285}},"478":{"start":{"line":1,"column":14285},"end":{"line":1,"column":14284}},"479":{"start":{"line":1,"column":14285},"end":{"line":1,"column":14284}},"480":{"start":{"line":1,"column":14268},"end":{"line":1,"column":14424}},"481":{"start":{"line":1,"column":14439},"end":{"line":1,"column":14438}},"482":{"start":{"line":1,"column":14454},"end":{"line":1,"column":14453}},"483":{"start":{"line":1,"column":14439},"end":{"line":1,"column":14438}},"484":{"start":{"line":1,"column":14438},"end":{"line":1,"column":14437}},"485":{"start":{"line":1,"column":14438},"end":{"line":1,"column":14541}},"486":{"start":{"line":1,"column":14573},"end":{"line":1,"column":14572}},"487":{"start":{"line":1,"column":14610},"end":{"line":1,"column":14609}},"488":{"start":{"line":1,"column":14541},"end":{"line":1,"column":14438}},"489":{"start":{"line":1,"column":14438},"end":{"line":1,"column":14437}},"490":{"start":{"line":1,"column":14438},"end":{"line":1,"column":14648}},"491":{"start":{"line":1,"column":14659},"end":{"line":1,"column":14658}},"492":{"start":{"line":1,"column":14677},"end":{"line":1,"column":14676}},"493":{"start":{"line":1,"column":14648},"end":{"line":1,"column":14438}},"494":{"start":{"line":1,"column":14438},"end":{"line":1,"column":14437}},"495":{"start":{"line":1,"column":14438},"end":{"line":1,"column":14437}},"496":{"start":{"line":1,"column":14438},"end":{"line":1,"column":14437}},"497":{"start":{"line":1,"column":14438},"end":{"line":1,"column":14777}},"498":{"start":{"line":1,"column":14790},"end":{"line":1,"column":14789}},"499":{"start":{"line":1,"column":14789},"end":{"line":1,"column":14854}},"500":{"start":{"line":1,"column":14887},"end":{"line":1,"column":14886}},"501":{"start":{"line":1,"column":14886},"end":{"line":1,"column":14885}},"502":{"start":{"line":1,"column":14886},"end":{"line":1,"column":14919}},"503":{"start":{"line":1,"column":14952},"end":{"line":1,"column":14951}},"504":{"start":{"line":1,"column":14951},"end":{"line":1,"column":14950}},"505":{"start":{"line":1,"column":14951},"end":{"line":1,"column":14979}},"506":{"start":{"line":1,"column":15020},"end":{"line":1,"column":15019}},"507":{"start":{"line":1,"column":14979},"end":{"line":1,"column":15046}},"508":{"start":{"line":1,"column":15053},"end":{"line":1,"column":15052}},"509":{"start":{"line":1,"column":15046},"end":{"line":1,"column":14951}},"510":{"start":{"line":1,"column":14951},"end":{"line":1,"column":15075}},"511":{"start":{"line":1,"column":15121},"end":{"line":1,"column":15120}},"512":{"start":{"line":1,"column":15241},"end":{"line":1,"column":15240}},"513":{"start":{"line":1,"column":15240},"end":{"line":null,"column":-1}},"514":{"start":{"line":1,"column":15075},"end":{"line":1,"column":15256}},"515":{"start":{"line":1,"column":15264},"end":{"line":1,"column":15263}},"516":{"start":{"line":1,"column":15263},"end":{"line":1,"column":15262}},"517":{"start":{"line":1,"column":15263},"end":{"line":1,"column":15361}},"518":{"start":{"line":1,"column":15368},"end":{"line":1,"column":15367}},"519":{"start":{"line":1,"column":15361},"end":{"line":1,"column":15263}},"520":{"start":{"line":1,"column":15263},"end":{"line":1,"column":15262}},"521":{"start":{"line":1,"column":14854},"end":{"line":1,"column":15434}},"522":{"start":{"line":1,"column":15449},"end":{"line":1,"column":15448}},"523":{"start":{"line":1,"column":15472},"end":{"line":1,"column":15471}},"524":{"start":{"line":1,"column":15479},"end":{"line":1,"column":15478}},"525":{"start":{"line":1,"column":14777},"end":{"line":1,"column":14438}},"526":{"start":{"line":1,"column":14424},"end":{"line":1,"column":50}},"527":{"start":{"line":1,"column":50},"end":{"line":1,"column":49}},"528":{"start":{"line":1,"column":50},"end":{"line":1,"column":49}},"529":{"start":{"line":1,"column":15785},"end":{"line":1,"column":16550}},"530":{"start":{"line":1,"column":16550},"end":{"line":1,"column":17330}},"531":{"start":{"line":1,"column":17330},"end":{"line":1,"column":17476}},"532":{"start":{"line":1,"column":17476},"end":{"line":null,"column":-1}}},"branchMap":{"1":{"line":1,"type":"if","locations":[{"start":{"line":1,"column":2603},"end":{"line":1,"column":2602}},{"start":{"line":1,"column":2603},"end":{"line":1,"column":2602}}]},"2":{"line":1,"type":"if","locations":[{"start":{"line":1,"column":2647},"end":{"line":1,"column":2649}},{"start":{"line":1,"column":2647},"end":{"line":1,"column":2649}}]},"3":{"line":1,"type":"if","locations":[{"start":{"line":1,"column":2805},"end":{"line":1,"column":2804}},{"start":{"line":1,"column":2805},"end":{"line":1,"column":2804}}]},"4":{"line":1,"type":"if","locations":[{"start":{"line":1,"column":2805},"end":{"line":1,"column":2804}},{"start":{"line":1,"column":2805},"end":{"line":1,"column":2804}}]},"5":{"line":1,"type":"if","locations":[{"start":{"line":1,"column":2903},"end":{"line":1,"column":2905}},{"start":{"line":1,"column":2903},"end":{"line":1,"column":2905}}]},"6":{"line":1,"type":"binary-expr","locations":[{"start":{"line":1,"column":2906},"end":{"line":1,"column":2905}},{"start":{"line":1,"column":2915},"end":{"line":1,"column":2914}}]},"7":{"line":1,"type":"if","locations":[{"start":{"line":1,"column":2964},"end":{"line":1,"column":2966}},{"start":{"line":1,"column":2964},"end":{"line":1,"column":2966}}]},"8":{"line":1,"type":"binary-expr","locations":[{"start":{"line":1,"column":2967},"end":{"line":1,"column":2966}},{"start":{"line":1,"column":2977},"end":{"line":1,"column":2976}}]},"9":{"line":1,"type":"if","locations":[{"start":{"line":1,"column":3070},"end":{"line":1,"column":3072}},{"start":{"line":1,"column":3070},"end":{"line":1,"column":3072}}]},"10":{"line":1,"type":"cond-expr","locations":[{"start":{"line":1,"column":3093},"end":{"line":1,"column":3087}},{"start":{"line":1,"column":3100},"end":{"line":1,"column":3087}}]},"11":{"line":1,"type":"if","locations":[{"start":{"line":1,"column":3069},"end":{"line":1,"column":3068}},{"start":{"line":1,"column":3069},"end":{"line":1,"column":3068}}]},"12":{"line":1,"type":"binary-expr","locations":[{"start":{"line":1,"column":3157},"end":{"line":1,"column":3156}},{"start":{"line":1,"column":3168},"end":{"line":1,"column":3167}},{"start":{"line":1,"column":3178},"end":{"line":1,"column":3177}},{"start":{"line":1,"column":3188},"end":{"line":1,"column":3187}}]},"13":{"line":1,"type":"if","locations":[{"start":{"line":1,"column":3474},"end":{"line":1,"column":3473}},{"start":{"line":1,"column":3474},"end":{"line":1,"column":3473}}]},"14":{"line":1,"type":"if","locations":[{"start":{"line":1,"column":3530},"end":{"line":1,"column":3529}},{"start":{"line":1,"column":3530},"end":{"line":1,"column":3529}}]},"15":{"line":1,"type":"binary-expr","locations":[{"start":{"line":1,"column":3555},"end":{"line":1,"column":3554}},{"start":{"line":1,"column":3564},"end":{"line":1,"column":3563}}]},"16":{"line":1,"type":"if","locations":[{"start":{"line":1,"column":3530},"end":{"line":1,"column":3529}},{"start":{"line":1,"column":3530},"end":{"line":1,"column":3529}}]},"17":{"line":1,"type":"binary-expr","locations":[{"start":{"line":1,"column":3635},"end":{"line":1,"column":3634}},{"start":{"line":1,"column":3642},"end":{"line":1,"column":3641}}]},"18":{"line":1,"type":"if","locations":[{"start":{"line":1,"column":3651},"end":{"line":1,"column":3653}},{"start":{"line":1,"column":3651},"end":{"line":1,"column":3653}}]},"19":{"line":1,"type":"binary-expr","locations":[{"start":{"line":1,"column":3656},"end":{"line":1,"column":3655}},{"start":{"line":1,"column":3663},"end":{"line":1,"column":3662}}]},"20":{"line":1,"type":"if","locations":[{"start":{"line":1,"column":3651},"end":{"line":1,"column":3650}},{"start":{"line":1,"column":3651},"end":{"line":1,"column":3650}}]},"21":{"line":1,"type":"binary-expr","locations":[{"start":{"line":1,"column":3725},"end":{"line":1,"column":3724}},{"start":{"line":1,"column":3732},"end":{"line":1,"column":3731}}]},"22":{"line":1,"type":"binary-expr","locations":[{"start":{"line":1,"column":3826},"end":{"line":1,"column":3827}},{"start":{"line":1,"column":3842},"end":{"line":1,"column":3841}}]},"23":{"line":1,"type":"if","locations":[{"start":{"line":1,"column":3915},"end":{"line":1,"column":3914}},{"start":{"line":1,"column":3915},"end":{"line":1,"column":3914}}]},"24":{"line":1,"type":"if","locations":[{"start":{"line":1,"column":3233},"end":{"line":1,"column":3232}},{"start":{"line":1,"column":3233},"end":{"line":1,"column":3232}}]},"25":{"line":1,"type":"if","locations":[{"start":{"line":1,"column":4083},"end":{"line":1,"column":4082}},{"start":{"line":1,"column":4083},"end":{"line":1,"column":4082}}]},"26":{"line":1,"type":"if","locations":[{"start":{"line":1,"column":4132},"end":{"line":1,"column":4134}},{"start":{"line":1,"column":4132},"end":{"line":1,"column":4134}}]},"27":{"line":1,"type":"if","locations":[{"start":{"line":1,"column":4481},"end":{"line":1,"column":4480}},{"start":{"line":1,"column":4481},"end":{"line":1,"column":4480}}]},"28":{"line":1,"type":"if","locations":[{"start":{"line":1,"column":4519},"end":{"line":1,"column":4521}},{"start":{"line":1,"column":4519},"end":{"line":1,"column":4521}}]},"29":{"line":1,"type":"if","locations":[{"start":{"line":1,"column":4542},"end":{"line":1,"column":4541}},{"start":{"line":1,"column":4542},"end":{"line":1,"column":4541}}]},"30":{"line":1,"type":"binary-expr","locations":[{"start":{"line":1,"column":4570},"end":{"line":1,"column":4573}},{"start":{"line":1,"column":4574},"end":{"line":1,"column":4573}}]},"31":{"line":1,"type":"if","locations":[{"start":{"line":1,"column":4627},"end":{"line":1,"column":4629}},{"start":{"line":1,"column":4627},"end":{"line":1,"column":4629}}]},"32":{"line":1,"type":"if","locations":[{"start":{"line":1,"column":4685},"end":{"line":1,"column":4684}},{"start":{"line":1,"column":4685},"end":{"line":1,"column":4684}}]},"33":{"line":1,"type":"if","locations":[{"start":{"line":1,"column":4712},"end":{"line":1,"column":4711}},{"start":{"line":1,"column":4712},"end":{"line":1,"column":4711}}]},"34":{"line":1,"type":"if","locations":[{"start":{"line":1,"column":4760},"end":{"line":1,"column":4762}},{"start":{"line":1,"column":4760},"end":{"line":1,"column":4762}}]},"35":{"line":1,"type":"if","locations":[{"start":{"line":1,"column":4783},"end":{"line":1,"column":4782}},{"start":{"line":1,"column":4783},"end":{"line":1,"column":4782}}]},"36":{"line":1,"type":"binary-expr","locations":[{"start":{"line":1,"column":4811},"end":{"line":1,"column":4814}},{"start":{"line":1,"column":4815},"end":{"line":1,"column":4814}}]},"37":{"line":1,"type":"if","locations":[{"start":{"line":1,"column":4875},"end":{"line":1,"column":4877}},{"start":{"line":1,"column":4875},"end":{"line":1,"column":4877}}]},"38":{"line":1,"type":"binary-expr","locations":[{"start":{"line":1,"column":4878},"end":{"line":1,"column":4877}},{"start":{"line":1,"column":4892},"end":{"line":1,"column":4891}}]},"39":{"line":1,"type":"if","locations":[{"start":{"line":1,"column":4845},"end":{"line":1,"column":4844}},{"start":{"line":1,"column":4845},"end":{"line":1,"column":4844}}]},"40":{"line":1,"type":"binary-expr","locations":[{"start":{"line":1,"column":4922},"end":{"line":1,"column":4921}},{"start":{"line":1,"column":4937},"end":{"line":1,"column":4922}}]},"41":{"line":1,"type":"if","locations":[{"start":{"line":1,"column":4964},"end":{"line":1,"column":4963}},{"start":{"line":1,"column":4964},"end":{"line":1,"column":4963}}]},"42":{"line":1,"type":"binary-expr","locations":[{"start":{"line":1,"column":5002},"end":{"line":1,"column":5001}},{"start":{"line":1,"column":5016},"end":{"line":1,"column":5015}}]},"43":{"line":1,"type":"if","locations":[{"start":{"line":1,"column":5044},"end":{"line":1,"column":5046}},{"start":{"line":1,"column":5044},"end":{"line":1,"column":5046}}]},"44":{"line":1,"type":"if","locations":[{"start":{"line":1,"column":5238},"end":{"line":1,"column":5237}},{"start":{"line":1,"column":5238},"end":{"line":1,"column":5237}}]},"45":{"line":1,"type":"binary-expr","locations":[{"start":{"line":1,"column":5254},"end":{"line":1,"column":5253}},{"start":{"line":1,"column":5265},"end":{"line":1,"column":5264}}]},"46":{"line":1,"type":"cond-expr","locations":[{"start":{"line":1,"column":5361},"end":{"line":1,"column":5358}},{"start":{"line":1,"column":5366},"end":{"line":1,"column":5358}}]},"47":{"line":1,"type":"if","locations":[{"start":{"line":1,"column":5384},"end":{"line":1,"column":5383}},{"start":{"line":1,"column":5384},"end":{"line":1,"column":5383}}]},"48":{"line":1,"type":"if","locations":[{"start":{"line":1,"column":5508},"end":{"line":1,"column":5510}},{"start":{"line":1,"column":5508},"end":{"line":1,"column":5510}}]},"49":{"line":1,"type":"binary-expr","locations":[{"start":{"line":1,"column":5623},"end":{"line":1,"column":5625}},{"start":{"line":1,"column":5626},"end":{"line":1,"column":5625}}]},"50":{"line":1,"type":"switch","locations":[{"start":{"line":1,"column":5687},"end":{"line":1,"column":5686}},{"start":{"line":1,"column":5687},"end":{"line":1,"column":5667}},{"start":{"line":1,"column":5667},"end":{"line":1,"column":5876}}]},"51":{"line":1,"type":"if","locations":[{"start":{"line":1,"column":5694},"end":{"line":1,"column":5696}},{"start":{"line":1,"column":5694},"end":{"line":1,"column":5696}}]},"52":{"line":1,"type":"if","locations":[{"start":{"line":1,"column":5687},"end":{"line":1,"column":5686}},{"start":{"line":1,"column":5687},"end":{"line":1,"column":5686}}]},"53":{"line":1,"type":"binary-expr","locations":[{"start":{"line":1,"column":5802},"end":{"line":1,"column":5801}},{"start":{"line":1,"column":5813},"end":{"line":1,"column":5812}}]},"54":{"line":1,"type":"if","locations":[{"start":{"line":1,"column":5876},"end":{"line":1,"column":5875}},{"start":{"line":1,"column":5876},"end":{"line":1,"column":5875}}]},"55":{"line":1,"type":"if","locations":[{"start":{"line":1,"column":5917},"end":{"line":1,"column":5919}},{"start":{"line":1,"column":5917},"end":{"line":1,"column":5919}}]},"56":{"line":1,"type":"if","locations":[{"start":{"line":1,"column":6128},"end":{"line":1,"column":6130}},{"start":{"line":1,"column":6128},"end":{"line":1,"column":6130}}]},"57":{"line":1,"type":"cond-expr","locations":[{"start":{"line":1,"column":6319},"end":{"line":1,"column":6318}},{"start":{"line":1,"column":6326},"end":{"line":1,"column":6325}}]},"58":{"line":1,"type":"cond-expr","locations":[{"start":{"line":1,"column":6321},"end":{"line":1,"column":6319}},{"start":{"line":1,"column":6323},"end":{"line":1,"column":6319}}]},"59":{"line":1,"type":"cond-expr","locations":[{"start":{"line":1,"column":6335},"end":{"line":1,"column":6334}},{"start":{"line":1,"column":6360},"end":{"line":1,"column":6326}}]},"60":{"line":1,"type":"cond-expr","locations":[{"start":{"line":1,"column":6355},"end":{"line":1,"column":6335}},{"start":{"line":1,"column":6357},"end":{"line":1,"column":6335}}]},"61":{"line":1,"type":"cond-expr","locations":[{"start":{"line":1,"column":6375},"end":{"line":1,"column":6369}},{"start":{"line":1,"column":6385},"end":{"line":1,"column":6369}}]},"62":{"line":1,"type":"if","locations":[{"start":{"line":1,"column":6504},"end":{"line":1,"column":6503}},{"start":{"line":1,"column":6504},"end":{"line":1,"column":6503}}]},"63":{"line":1,"type":"if","locations":[{"start":{"line":1,"column":6504},"end":{"line":1,"column":6503}},{"start":{"line":1,"column":6504},"end":{"line":1,"column":6503}}]},"64":{"line":1,"type":"binary-expr","locations":[{"start":{"line":1,"column":6796},"end":{"line":1,"column":6807}},{"start":{"line":1,"column":6808},"end":{"line":1,"column":6796}}]},"65":{"line":1,"type":"if","locations":[{"start":{"line":1,"column":6858},"end":{"line":1,"column":6857}},{"start":{"line":1,"column":6858},"end":{"line":1,"column":6857}}]},"66":{"line":1,"type":"if","locations":[{"start":{"line":1,"column":6946},"end":{"line":1,"column":6945}},{"start":{"line":1,"column":6946},"end":{"line":1,"column":6945}}]},"67":{"line":1,"type":"if","locations":[{"start":{"line":1,"column":7033},"end":{"line":1,"column":7032}},{"start":{"line":1,"column":7033},"end":{"line":1,"column":7032}}]},"68":{"line":1,"type":"if","locations":[{"start":{"line":1,"column":7010},"end":{"line":1,"column":7009}},{"start":{"line":1,"column":7010},"end":{"line":1,"column":7009}}]},"69":{"line":1,"type":"binary-expr","locations":[{"start":{"line":1,"column":7102},"end":{"line":1,"column":7101}},{"start":{"line":1,"column":7116},"end":{"line":1,"column":7115}}]},"70":{"line":1,"type":"if","locations":[{"start":{"line":1,"column":6946},"end":{"line":1,"column":6945}},{"start":{"line":1,"column":6946},"end":{"line":1,"column":6945}}]},"71":{"line":1,"type":"binary-expr","locations":[{"start":{"line":1,"column":7147},"end":{"line":1,"column":7150}},{"start":{"line":1,"column":7151},"end":{"line":1,"column":7150}}]},"72":{"line":1,"type":"binary-expr","locations":[{"start":{"line":1,"column":7153},"end":{"line":1,"column":7156}},{"start":{"line":1,"column":7157},"end":{"line":1,"column":7156}}]},"73":{"line":1,"type":"if","locations":[{"start":{"line":1,"column":7144},"end":{"line":1,"column":7143}},{"start":{"line":1,"column":7144},"end":{"line":1,"column":7143}}]},"74":{"line":1,"type":"if","locations":[{"start":{"line":1,"column":6858},"end":{"line":1,"column":6857}},{"start":{"line":1,"column":6858},"end":{"line":1,"column":6857}}]},"75":{"line":1,"type":"if","locations":[{"start":{"line":1,"column":7269},"end":{"line":1,"column":7268}},{"start":{"line":1,"column":7269},"end":{"line":1,"column":7268}}]},"76":{"line":1,"type":"if","locations":[{"start":{"line":1,"column":7533},"end":{"line":1,"column":7532}},{"start":{"line":1,"column":7533},"end":{"line":1,"column":7532}}]},"77":{"line":1,"type":"if","locations":[{"start":{"line":1,"column":7787},"end":{"line":1,"column":7789}},{"start":{"line":1,"column":7787},"end":{"line":1,"column":7789}}]},"78":{"line":1,"type":"if","locations":[{"start":{"line":1,"column":7548},"end":{"line":1,"column":7547}},{"start":{"line":1,"column":7548},"end":{"line":1,"column":7547}}]},"79":{"line":1,"type":"if","locations":[{"start":{"line":1,"column":7533},"end":{"line":1,"column":7532}},{"start":{"line":1,"column":7533},"end":{"line":1,"column":7532}}]},"80":{"line":1,"type":"if","locations":[{"start":{"line":1,"column":8131},"end":{"line":1,"column":8133}},{"start":{"line":1,"column":8131},"end":{"line":1,"column":8133}}]},"81":{"line":1,"type":"if","locations":[{"start":{"line":1,"column":8152},"end":{"line":1,"column":8154}},{"start":{"line":1,"column":8152},"end":{"line":1,"column":8154}}]},"82":{"line":1,"type":"if","locations":[{"start":{"line":1,"column":8125},"end":{"line":1,"column":8124}},{"start":{"line":1,"column":8125},"end":{"line":1,"column":8124}}]},"83":{"line":1,"type":"if","locations":[{"start":{"line":1,"column":8474},"end":{"line":1,"column":8473}},{"start":{"line":1,"column":8474},"end":{"line":1,"column":8473}}]},"84":{"line":1,"type":"if","locations":[{"start":{"line":1,"column":7533},"end":{"line":1,"column":7532}},{"start":{"line":1,"column":7533},"end":{"line":1,"column":7532}}]},"85":{"line":1,"type":"if","locations":[{"start":{"line":1,"column":7533},"end":{"line":1,"column":7532}},{"start":{"line":1,"column":7533},"end":{"line":1,"column":7532}}]},"86":{"line":1,"type":"if","locations":[{"start":{"line":1,"column":9388},"end":{"line":1,"column":9387}},{"start":{"line":1,"column":9388},"end":{"line":1,"column":9387}}]},"87":{"line":1,"type":"if","locations":[{"start":{"line":1,"column":9519},"end":{"line":1,"column":9521}},{"start":{"line":1,"column":9519},"end":{"line":1,"column":9521}}]},"88":{"line":1,"type":"binary-expr","locations":[{"start":{"line":1,"column":9628},"end":{"line":1,"column":9630}},{"start":{"line":1,"column":9631},"end":{"line":1,"column":9630}}]},"89":{"line":1,"type":"switch","locations":[{"start":{"line":1,"column":9782},"end":{"line":1,"column":9781}},{"start":{"line":1,"column":9782},"end":{"line":1,"column":9762}},{"start":{"line":1,"column":9762},"end":{"line":1,"column":9972}}]},"90":{"line":1,"type":"if","locations":[{"start":{"line":1,"column":9789},"end":{"line":1,"column":9791}},{"start":{"line":1,"column":9789},"end":{"line":1,"column":9791}}]},"91":{"line":1,"type":"if","locations":[{"start":{"line":1,"column":9789},"end":{"line":1,"column":9788}},{"start":{"line":1,"column":9789},"end":{"line":1,"column":9788}}]},"92":{"line":1,"type":"if","locations":[{"start":{"line":1,"column":9842},"end":{"line":1,"column":9841}},{"start":{"line":1,"column":9842},"end":{"line":1,"column":9841}}]},"93":{"line":1,"type":"if","locations":[{"start":{"line":1,"column":9979},"end":{"line":1,"column":9981}},{"start":{"line":1,"column":9979},"end":{"line":1,"column":9981}}]},"94":{"line":1,"type":"if","locations":[{"start":{"line":1,"column":9984},"end":{"line":1,"column":9983}},{"start":{"line":1,"column":9984},"end":{"line":1,"column":9983}}]},"95":{"line":1,"type":"if","locations":[{"start":{"line":1,"column":10031},"end":{"line":1,"column":10030}},{"start":{"line":1,"column":10031},"end":{"line":1,"column":10030}}]},"96":{"line":1,"type":"if","locations":[{"start":{"line":1,"column":10031},"end":{"line":1,"column":10030}},{"start":{"line":1,"column":10031},"end":{"line":1,"column":10030}}]},"97":{"line":1,"type":"if","locations":[{"start":{"line":1,"column":10297},"end":{"line":1,"column":10296}},{"start":{"line":1,"column":10297},"end":{"line":1,"column":10296}}]},"98":{"line":1,"type":"cond-expr","locations":[{"start":{"line":1,"column":10360},"end":{"line":1,"column":10357}},{"start":{"line":1,"column":10380},"end":{"line":1,"column":10357}}]},"99":{"line":1,"type":"if","locations":[{"start":{"line":1,"column":10349},"end":{"line":1,"column":10348}},{"start":{"line":1,"column":10349},"end":{"line":1,"column":10348}}]},"100":{"line":1,"type":"binary-expr","locations":[{"start":{"line":1,"column":10580},"end":{"line":1,"column":10583}},{"start":{"line":1,"column":10599},"end":{"line":1,"column":10598}}]},"101":{"line":1,"type":"if","locations":[{"start":{"line":1,"column":10634},"end":{"line":1,"column":10633}},{"start":{"line":1,"column":10634},"end":{"line":1,"column":10633}}]},"102":{"line":1,"type":"binary-expr","locations":[{"start":{"line":1,"column":10777},"end":{"line":1,"column":10776}},{"start":{"line":1,"column":10801},"end":{"line":1,"column":10777}}]},"103":{"line":1,"type":"if","locations":[{"start":{"line":1,"column":10834},"end":{"line":1,"column":10833}},{"start":{"line":1,"column":10834},"end":{"line":1,"column":10833}}]},"104":{"line":1,"type":"if","locations":[{"start":{"line":1,"column":11209},"end":{"line":1,"column":11211}},{"start":{"line":1,"column":11209},"end":{"line":1,"column":11211}}]},"105":{"line":1,"type":"binary-expr","locations":[{"start":{"line":1,"column":11342},"end":{"line":1,"column":11341}},{"start":{"line":1,"column":11350},"end":{"line":1,"column":11349}}]},"106":{"line":1,"type":"binary-expr","locations":[{"start":{"line":1,"column":11453},"end":{"line":1,"column":11452}},{"start":{"line":1,"column":11463},"end":{"line":1,"column":11453}}]},"107":{"line":1,"type":"binary-expr","locations":[{"start":{"line":1,"column":11485},"end":{"line":1,"column":11484}},{"start":{"line":1,"column":11493},"end":{"line":1,"column":11485}}]},"108":{"line":1,"type":"if","locations":[{"start":{"line":1,"column":11432},"end":{"line":1,"column":11431}},{"start":{"line":1,"column":11432},"end":{"line":1,"column":11431}}]},"109":{"line":1,"type":"binary-expr","locations":[{"start":{"line":1,"column":11542},"end":{"line":1,"column":11541}},{"start":{"line":1,"column":11560},"end":{"line":1,"column":11559}}]},"110":{"line":1,"type":"if","locations":[{"start":{"line":1,"column":11582},"end":{"line":1,"column":11584}},{"start":{"line":1,"column":11582},"end":{"line":1,"column":11584}}]},"111":{"line":1,"type":"if","locations":[{"start":{"line":1,"column":11581},"end":{"line":1,"column":11580}},{"start":{"line":1,"column":11581},"end":{"line":1,"column":11580}}]},"112":{"line":1,"type":"if","locations":[{"start":{"line":1,"column":11432},"end":{"line":1,"column":11431}},{"start":{"line":1,"column":11432},"end":{"line":1,"column":11431}}]},"113":{"line":1,"type":"if","locations":[{"start":{"line":1,"column":11861},"end":{"line":1,"column":11860}},{"start":{"line":1,"column":11861},"end":{"line":1,"column":11860}}]},"114":{"line":1,"type":"if","locations":[{"start":{"line":1,"column":11945},"end":{"line":1,"column":11944}},{"start":{"line":1,"column":11945},"end":{"line":1,"column":11944}}]},"115":{"line":1,"type":"if","locations":[{"start":{"line":1,"column":11994},"end":{"line":1,"column":11996}},{"start":{"line":1,"column":11994},"end":{"line":1,"column":11996}}]},"116":{"line":1,"type":"if","locations":[{"start":{"line":1,"column":12086},"end":{"line":1,"column":12088}},{"start":{"line":1,"column":12086},"end":{"line":1,"column":12088}}]},"117":{"line":1,"type":"binary-expr","locations":[{"start":{"line":1,"column":12091},"end":{"line":1,"column":12093}},{"start":{"line":1,"column":12094},"end":{"line":1,"column":12091}}]},"118":{"line":1,"type":"cond-expr","locations":[{"start":{"line":1,"column":12134},"end":{"line":1,"column":12118}},{"start":{"line":1,"column":12151},"end":{"line":1,"column":12118}}]},"119":{"line":1,"type":"if","locations":[{"start":{"line":1,"column":14208},"end":{"line":1,"column":14210}},{"start":{"line":1,"column":14208},"end":{"line":1,"column":14210}}]},"120":{"line":1,"type":"cond-expr","locations":[{"start":{"line":1,"column":14255},"end":{"line":1,"column":14254}},{"start":{"line":1,"column":14263},"end":{"line":1,"column":14244}}]},"121":{"line":1,"type":"binary-expr","locations":[{"start":{"line":1,"column":14244},"end":{"line":1,"column":14246}},{"start":{"line":1,"column":14247},"end":{"line":1,"column":14246}}]},"122":{"line":1,"type":"if","locations":[{"start":{"line":1,"column":14285},"end":{"line":1,"column":14284}},{"start":{"line":1,"column":14285},"end":{"line":1,"column":14284}}]},"123":{"line":1,"type":"if","locations":[{"start":{"line":1,"column":14438},"end":{"line":1,"column":14437}},{"start":{"line":1,"column":14438},"end":{"line":1,"column":14437}}]},"124":{"line":1,"type":"cond-expr","locations":[{"start":{"line":1,"column":14832},"end":{"line":1,"column":14831}},{"start":{"line":1,"column":14844},"end":{"line":1,"column":14798}}]},"125":{"line":1,"type":"binary-expr","locations":[{"start":{"line":1,"column":14859},"end":{"line":1,"column":14861}},{"start":{"line":1,"column":14871},"end":{"line":1,"column":14870}}]},"126":{"line":1,"type":"if","locations":[{"start":{"line":1,"column":14886},"end":{"line":1,"column":14885}},{"start":{"line":1,"column":14886},"end":{"line":1,"column":14885}}]},"127":{"line":1,"type":"if","locations":[{"start":{"line":1,"column":14951},"end":{"line":1,"column":14950}},{"start":{"line":1,"column":14951},"end":{"line":1,"column":14950}}]},"128":{"line":1,"type":"binary-expr","locations":[{"start":{"line":1,"column":14982},"end":{"line":1,"column":14981}},{"start":{"line":1,"column":14988},"end":{"line":1,"column":14987}},{"start":{"line":1,"column":14999},"end":{"line":1,"column":15008}}]},"129":{"line":1,"type":"if","locations":[{"start":{"line":1,"column":14979},"end":{"line":1,"column":14978}},{"start":{"line":1,"column":14979},"end":{"line":1,"column":14978}}]},"130":{"line":1,"type":"if","locations":[{"start":{"line":1,"column":15121},"end":{"line":1,"column":15123}},{"start":{"line":1,"column":15121},"end":{"line":1,"column":15123}}]},"131":{"line":1,"type":"binary-expr","locations":[{"start":{"line":1,"column":15125},"end":{"line":1,"column":15124}},{"start":{"line":1,"column":15145},"end":{"line":1,"column":15144}},{"start":{"line":1,"column":15166},"end":{"line":1,"column":15165}},{"start":{"line":1,"column":15187},"end":{"line":1,"column":15186}},{"start":{"line":1,"column":15201},"end":{"line":1,"column":15200}}]},"132":{"line":1,"type":"if","locations":[{"start":{"line":1,"column":15075},"end":{"line":1,"column":15074}},{"start":{"line":1,"column":15075},"end":{"line":1,"column":15074}}]},"133":{"line":1,"type":"cond-expr","locations":[{"start":{"line":1,"column":15323},"end":{"line":1,"column":15322}},{"start":{"line":1,"column":15355},"end":{"line":1,"column":15320}}]},"134":{"line":1,"type":"cond-expr","locations":[{"start":{"line":1,"column":15343},"end":{"line":1,"column":15342}},{"start":{"line":1,"column":15350},"end":{"line":1,"column":15323}}]},"135":{"line":1,"type":"binary-expr","locations":[{"start":{"line":1,"column":15323},"end":{"line":1,"column":15329}},{"start":{"line":1,"column":15330},"end":{"line":1,"column":15329}}]},"136":{"line":1,"type":"if","locations":[{"start":{"line":1,"column":15263},"end":{"line":1,"column":15262}},{"start":{"line":1,"column":15263},"end":{"line":1,"column":15262}}]},"137":{"line":1,"type":"if","locations":[{"start":{"line":1,"column":14854},"end":{"line":1,"column":14853}},{"start":{"line":1,"column":14854},"end":{"line":1,"column":14853}}]},"138":{"line":1,"type":"if","locations":[{"start":{"line":1,"column":15472},"end":{"line":1,"column":15474}},{"start":{"line":1,"column":15472},"end":{"line":1,"column":15474}}]}}},"/home/arjan/code/js/node-risk/coverage/lcov-report/sorter.js":{"path":"/home/arjan/code/js/node-risk/coverage/lcov-report/sorter.js","s":{"1":0,"2":0,"3":1,"4":0,"5":1,"6":0,"7":1,"8":0,"9":1,"10":0,"11":1,"12":0,"13":0,"14":0,"15":0,"16":0,"17":0,"18":0,"19":0,"20":0,"21":1,"22":0,"23":0,"24":0,"25":0,"26":0,"27":0,"28":0,"29":0,"30":0,"31":1,"32":0,"33":0,"34":0,"35":1,"36":0,"37":0,"38":0,"39":0,"40":0,"41":0,"42":0,"43":0,"44":0,"45":0,"46":0,"47":0,"48":0,"49":1,"50":0,"51":0,"52":0,"53":1,"54":0,"55":1,"56":0,"57":0,"58":0,"59":0,"60":0,"61":0,"62":0,"63":0,"64":0,"65":0,"66":0,"67":0,"68":0,"69":0,"70":0,"71":0,"72":0,"73":0,"74":0,"75":0,"76":0,"77":0,"78":0,"79":0,"80":0},"b":{"1":[0,0],"2":[0,0],"3":[0,0],"4":[0,0],"5":[0,0],"6":[0,0],"7":[0,0],"8":[0,0],"9":[0,0],"10":[0,0],"11":[0,0]},"f":{"1":0,"2":0,"3":0,"4":0,"5":0,"6":0,"7":0,"8":0,"9":0,"10":0,"11":0,"12":0,"13":0,"14":0,"15":0,"16":0,"17":0},"fnMap":{"1":{"name":"(anonymous_1)","line":1,"loc":{"start":{"line":1,"column":0},"end":{"line":1,"column":4}}},"2":{"name":"getTable","line":1,"loc":{"start":{"line":1,"column":30},"end":{"line":10,"column":24}}},"3":{"name":"getTableHeader","line":1,"loc":{"start":{"line":1,"column":30},"end":{"line":12,"column":30}}},"4":{"name":"getTableBody","line":1,"loc":{"start":{"line":1,"column":30},"end":{"line":14,"column":28}}},"5":{"name":"getNthColumn","line":1,"loc":{"start":{"line":1,"column":30},"end":{"line":16,"column":29}}},"6":{"name":"loadColumns","line":1,"loc":{"start":{"line":1,"column":30},"end":{"line":19,"column":27}}},"7":{"name":"loadRowData","line":1,"loc":{"start":{"line":1,"column":30},"end":{"line":43,"column":35}}},"8":{"name":"loadData","line":1,"loc":{"start":{"line":1,"column":30},"end":{"line":62,"column":24}}},"9":{"name":"sortByIndex","line":1,"loc":{"start":{"line":1,"column":30},"end":{"line":71,"column":38}}},"10":{"name":"(anonymous_10)","line":73,"loc":{"start":{"line":73,"column":21},"end":{"line":73,"column":37}}},"11":{"name":"(anonymous_11)","line":85,"loc":{"start":{"line":85,"column":26},"end":{"line":85,"column":42}}},"12":{"name":"removeSortIndicators","line":1,"loc":{"start":{"line":1,"column":30},"end":{"line":102,"column":36}}},"13":{"name":"addSortIndicators","line":1,"loc":{"start":{"line":1,"column":30},"end":{"line":110,"column":33}}},"14":{"name":"enableUI","line":1,"loc":{"start":{"line":1,"column":30},"end":{"line":114,"column":24}}},"15":{"name":"ithSorter","line":117,"loc":{"start":{"line":117,"column":24},"end":{"line":117,"column":46}}},"16":{"name":"(anonymous_16)","line":120,"loc":{"start":{"line":120,"column":23},"end":{"line":120,"column":35}}},"17":{"name":"(anonymous_17)","line":147,"loc":{"start":{"line":147,"column":11},"end":{"line":147,"column":23}}}},"statementMap":{"1":{"start":{"line":1,"column":0},"end":{"line":1,"column":4}},"2":{"start":{"line":3,"column":4},"end":{"line":4,"column":8}},"3":{"start":{"line":1,"column":30},"end":{"line":10,"column":4}},"4":{"start":{"line":10,"column":26},"end":{"line":10,"column":24}},"5":{"start":{"line":1,"column":30},"end":{"line":12,"column":4}},"6":{"start":{"line":12,"column":32},"end":{"line":12,"column":30}},"7":{"start":{"line":1,"column":30},"end":{"line":14,"column":4}},"8":{"start":{"line":14,"column":30},"end":{"line":14,"column":28}},"9":{"start":{"line":1,"column":30},"end":{"line":16,"column":4}},"10":{"start":{"line":16,"column":31},"end":{"line":16,"column":29}},"11":{"start":{"line":1,"column":30},"end":{"line":19,"column":4}},"12":{"start":{"line":20,"column":8},"end":{"line":19,"column":27}},"13":{"start":{"line":26,"column":8},"end":{"line":26,"column":7}},"14":{"start":{"line":27,"column":12},"end":{"line":26,"column":49}},"15":{"start":{"line":28,"column":12},"end":{"line":26,"column":49}},"16":{"start":{"line":33,"column":12},"end":{"line":26,"column":49}},"17":{"start":{"line":34,"column":12},"end":{"line":34,"column":11}},"18":{"start":{"line":35,"column":16},"end":{"line":34,"column":30}},"19":{"start":{"line":36,"column":16},"end":{"line":34,"column":30}},"20":{"start":{"line":39,"column":8},"end":{"line":19,"column":27}},"21":{"start":{"line":1,"column":30},"end":{"line":43,"column":4}},"22":{"start":{"line":44,"column":8},"end":{"line":43,"column":35}},"23":{"start":{"line":50,"column":8},"end":{"line":50,"column":7}},"24":{"start":{"line":51,"column":12},"end":{"line":50,"column":50}},"25":{"start":{"line":52,"column":12},"end":{"line":50,"column":50}},"26":{"start":{"line":53,"column":12},"end":{"line":50,"column":50}},"27":{"start":{"line":54,"column":12},"end":{"line":54,"column":11}},"28":{"start":{"line":55,"column":16},"end":{"line":54,"column":39}},"29":{"start":{"line":57,"column":12},"end":{"line":50,"column":50}},"30":{"start":{"line":59,"column":8},"end":{"line":43,"column":35}},"31":{"start":{"line":1,"column":30},"end":{"line":62,"column":4}},"32":{"start":{"line":63,"column":8},"end":{"line":62,"column":24}},"33":{"start":{"line":66,"column":8},"end":{"line":66,"column":7}},"34":{"start":{"line":67,"column":12},"end":{"line":66,"column":45}},"35":{"start":{"line":1,"column":30},"end":{"line":71,"column":4}},"36":{"start":{"line":72,"column":8},"end":{"line":71,"column":38}},"37":{"start":{"line":74,"column":16},"end":{"line":73,"column":37}},"38":{"start":{"line":75,"column":16},"end":{"line":73,"column":37}},"39":{"start":{"line":76,"column":16},"end":{"line":73,"column":37}},"40":{"start":{"line":84,"column":8},"end":{"line":84,"column":7}},"41":{"start":{"line":85,"column":12},"end":{"line":84,"column":18}},"42":{"start":{"line":86,"column":16},"end":{"line":85,"column":42}},"43":{"start":{"line":90,"column":8},"end":{"line":90,"column":7}},"44":{"start":{"line":91,"column":12},"end":{"line":90,"column":49}},"45":{"start":{"line":92,"column":12},"end":{"line":90,"column":49}},"46":{"start":{"line":95,"column":8},"end":{"line":71,"column":38}},"47":{"start":{"line":97,"column":8},"end":{"line":97,"column":7}},"48":{"start":{"line":98,"column":12},"end":{"line":97,"column":45}},"49":{"start":{"line":1,"column":30},"end":{"line":102,"column":4}},"50":{"start":{"line":103,"column":8},"end":{"line":102,"column":36}},"51":{"start":{"line":106,"column":8},"end":{"line":102,"column":36}},"52":{"start":{"line":107,"column":8},"end":{"line":102,"column":36}},"53":{"start":{"line":1,"column":30},"end":{"line":110,"column":4}},"54":{"start":{"line":111,"column":8},"end":{"line":110,"column":33}},"55":{"start":{"line":1,"column":30},"end":{"line":114,"column":4}},"56":{"start":{"line":115,"column":8},"end":{"line":114,"column":24}},"57":{"start":{"line":118,"column":16},"end":{"line":117,"column":46}},"58":{"start":{"line":120,"column":16},"end":{"line":117,"column":46}},"59":{"start":{"line":121,"column":20},"end":{"line":120,"column":35}},"60":{"start":{"line":123,"column":20},"end":{"line":123,"column":19}},"61":{"start":{"line":124,"column":24},"end":{"line":123,"column":49}},"62":{"start":{"line":126,"column":20},"end":{"line":120,"column":35}},"63":{"start":{"line":127,"column":20},"end":{"line":120,"column":35}},"64":{"start":{"line":128,"column":20},"end":{"line":120,"column":35}},"65":{"start":{"line":129,"column":20},"end":{"line":120,"column":35}},"66":{"start":{"line":130,"column":20},"end":{"line":120,"column":35}},"67":{"start":{"line":133,"column":8},"end":{"line":133,"column":7}},"68":{"start":{"line":134,"column":12},"end":{"line":134,"column":11}},"
[...]
rt":{"line":13,"column":8},"end":{"line":12,"column":27}},"9":{"start":{"line":14,"column":8},"end":{"line":12,"column":27}},"10":{"start":{"line":15,"column":8},"end":{"line":12,"column":27}},"11":{"start":{"line":16,"column":8},"end":{"line":12,"column":27}},"12":{"start":{"line":17,"column":8},"end":{"line":12,"column":27}},"13":{"start":{"line":19,"column":8},"end":{"line":12,"column":27}},"14":{"start":{"line":21,"column":8},"end":{"line":21,"column":7}},"15":{"start":{"line":22,"column":12},"end":{"line":21,"column":34}},"16":{"start":{"line":23,"column":16},"end":{"line":22,"column":72}},"17":{"start":{"line":26,"column":12},"end":{"line":21,"column":34}},"18":{"start":{"line":28,"column":12},"end":{"line":27,"column":15}},"19":{"start":{"line":31,"column":8},"end":{"line":12,"column":27}},"20":{"start":{"line":32,"column":8},"end":{"line":12,"column":27}},"21":{"start":{"line":33,"column":8},"end":{"line":12,"column":27}},"22":{"start":{"line":34,"column":8},"end":{"line":12,"column":27}},"23":{"start":{"line":38,"column":8},"end":{"line":37,"column":24}},"24":{"start":{"line":39,"column":8},"end":{"line":37,"column":24}},"25":{"start":{"line":41,"column":8},"end":{"line":41,"column":7}},"26":{"start":{"line":42,"column":12},"end":{"line":41,"column":28}},"27":{"start":{"line":43,"column":12},"end":{"line":41,"column":28}},"28":{"start":{"line":45,"column":12},"end":{"line":41,"column":28}},"29":{"start":{"line":47,"column":12},"end":{"line":41,"column":28}},"30":{"start":{"line":48,"column":12},"end":{"line":41,"column":28}},"31":{"start":{"line":49,"column":12},"end":{"line":41,"column":28}},"32":{"start":{"line":50,"column":12},"end":{"line":41,"column":28}},"33":{"start":{"line":51,"column":12},"end":{"line":41,"column":28}},"34":{"start":{"line":52,"column":12},"end":{"line":41,"column":28}},"35":{"start":{"line":55,"column":8},"end":{"line":37,"column":24}},"36":{"start":{"line":57,"column":16},"end":{"line":56,"column":64}},"37":{"start":{"line":63,"column":16},"end":{"line":56,"column":64}},"38":{"start":{"line":73,"column":8},"end":{"line":37,"column":24}},"39":{"start":{"line":77,"column":8},"end":{"line":77,"column":7}},"40":{"start":{"line":78,"column":12},"end":{"line":78,"column":11}},"41":{"start":{"line":79,"column":16},"end":{"line":79,"column":15}},"42":{"start":{"line":80,"column":20},"end":{"line":79,"column":96}},"43":{"start":{"line":81,"column":20},"end":{"line":79,"column":96}},"44":{"start":{"line":83,"column":20},"end":{"line":79,"column":96}},"45":{"start":{"line":84,"column":20},"end":{"line":79,"column":96}},"46":{"start":{"line":91,"column":8},"end":{"line":90,"column":26}},"47":{"start":{"line":92,"column":8},"end":{"line":90,"column":26}},"48":{"start":{"line":94,"column":8},"end":{"line":94,"column":7}},"49":{"start":{"line":95,"column":12},"end":{"line":94,"column":56}},"50":{"start":{"line":97,"column":12},"end":{"line":94,"column":56}},"51":{"start":{"line":100,"column":8},"end":{"line":100,"column":7}},"52":{"start":{"line":101,"column":12},"end":{"line":100,"column":57}},"53":{"start":{"line":103,"column":12},"end":{"line":100,"column":57}},"54":{"start":{"line":105,"column":12},"end":{"line":100,"column":57}},"55":{"start":{"line":107,"column":12},"end":{"line":107,"column":11}},"56":{"start":{"line":108,"column":16},"end":{"line":107,"column":28}},"57":{"start":{"line":111,"column":12},"end":{"line":100,"column":57}},"58":{"start":{"line":113,"column":12},"end":{"line":100,"column":57}},"59":{"start":{"line":116,"column":8},"end":{"line":116,"column":7}},"60":{"start":{"line":117,"column":12},"end":{"line":116,"column":57}},"61":{"start":{"line":119,"column":12},"end":{"line":116,"column":57}},"62":{"start":{"line":120,"column":16},"end":{"line":119,"column":60}},"63":{"start":{"line":122,"column":16},"end":{"line":122,"column":15}},"64":{"start":{"line":123,"column":20},"end":{"line":122,"column":40}},"65":{"start":{"line":126,"column":16},"end":{"line":119,"column":60}},"66":{"start":{"line":130,"column":8},"end":{"line":90,"column":26}},"67":{"start":{"line":132,"column":8},"end":{"line":90,"column":26}},"68":{"start":{"line":136,"column":8},"end":{"line":135,"column":30}},"69":{"start":{"line":138,"column":8},"end":{"line":135,"column":30}},"70":{"start":{"line":139,"column":12},"end":{"line":138,"column":36}},"71":{"start":{"line":141,"column":12},"end":{"line":138,"column":36}},"72":{"start":{"line":143,"column":12},"end":{"line":143,"column":11}},"73":{"start":{"line":144,"column":16},"end":{"line":143,"column":33}},"74":{"start":{"line":144,"column":48},"end":{"line":144,"column":40}},"75":{"start":{"line":147,"column":12},"end":{"line":138,"column":36}},"76":{"start":{"line":150,"column":8},"end":{"line":135,"column":30}},"77":{"start":{"line":154,"column":8},"end":{"line":153,"column":14}},"78":{"start":{"line":161,"column":20},"end":{"line":160,"column":64}},"79":{"start":{"line":167,"column":20},"end":{"line":160,"column":64}},"80":{"start":{"line":179,"column":16},"end":{"line":178,"column":69}},"81":{"start":{"line":181,"column":62},"end":{"line":181,"column":61}},"82":{"start":{"line":185,"column":8},"end":{"line":153,"column":14}},"83":{"start":{"line":189,"column":0},"end":{"line":null,"column":-1}}},"branchMap":{"1":{"line":13,"type":"binary-expr","locations":[{"start":{"line":13,"column":25},"end":{"line":13,"column":24}},{"start":{"line":13,"column":47},"end":{"line":13,"column":25}}]},"2":{"line":15,"type":"binary-expr","locations":[{"start":{"line":15,"column":35},"end":{"line":15,"column":34}},{"start":{"line":15,"column":57},"end":{"line":15,"column":56}}]},"3":{"line":21,"type":"if","locations":[{"start":{"line":21,"column":8},"end":{"line":21,"column":11}},{"start":{"line":21,"column":8},"end":{"line":21,"column":11}}]},"4":{"line":33,"type":"binary-expr","locations":[{"start":{"line":33,"column":33},"end":{"line":33,"column":32}},{"start":{"line":33,"column":63},"end":{"line":33,"column":33}}]},"5":{"line":34,"type":"binary-expr","locations":[{"start":{"line":34,"column":35},"end":{"line":34,"column":34}},{"start":{"line":34,"column":67},"end":{"line":34,"column":35}}]},"6":{"line":38,"type":"cond-expr","locations":[{"start":{"line":38,"column":49},"end":{"line":38,"column":23}},{"start":{"line":38,"column":84},"end":{"line":38,"column":23}}]},"7":{"line":41,"type":"if","locations":[{"start":{"line":41,"column":8},"end":{"line":41,"column":11}},{"start":{"line":41,"column":8},"end":{"line":41,"column":11}}]},"8":{"line":50,"type":"binary-expr","locations":[{"start":{"line":50,"column":32},"end":{"line":50,"column":31}},{"start":{"line":50,"column":61},"end":{"line":50,"column":32}}]},"9":{"line":51,"type":"binary-expr","locations":[{"start":{"line":51,"column":32},"end":{"line":51,"column":31}},{"start":{"line":51,"column":61},"end":{"line":51,"column":32}}]},"10":{"line":52,"type":"binary-expr","locations":[{"start":{"line":52,"column":28},"end":{"line":52,"column":27}},{"start":{"line":52,"column":53},"end":{"line":52,"column":28}}]},"11":{"line":79,"type":"if","locations":[{"start":{"line":79,"column":16},"end":{"line":79,"column":19}},{"start":{"line":79,"column":16},"end":{"line":79,"column":19}}]},"12":{"line":79,"type":"binary-expr","locations":[{"start":{"line":79,"column":20},"end":{"line":79,"column":19}},{"start":{"line":79,"column":46},"end":{"line":79,"column":20}}]},"13":{"line":107,"type":"if","locations":[{"start":{"line":107,"column":12},"end":{"line":107,"column":15}},{"start":{"line":107,"column":12},"end":{"line":107,"column":15}}]},"14":{"line":122,"type":"if","locations":[{"start":{"line":122,"column":16},"end":{"line":122,"column":19}},{"start":{"line":122,"column":16},"end":{"line":122,"column":19}}]},"15":{"line":141,"type":"binary-expr","locations":[{"start":{"line":141,"column":32},"end":{"line":141,"column":31}},{"start":{"line":141,"column":56},"end":{"line":141,"column":55}}]},"16":{"line":143,"type":"if","locations":[{"start":{"line":143,"column":12},"end":{"line":143,"column":15}},{"start":{"line":143,"column":12},"end":{"line":143,"column":15}}]},"17":{"line":173,"type":"cond-expr","locations":[{"start":{"line":173,"column":43},"end":{"line":173,"column":24}},{"start":{"line":173,"column":71},"end":{"line":173,"column":24}}]}}},"/home/arjan/code/js/node-risk/lib/risk/Territory.js":{"path":"/home/arjan/code/js/node-risk/lib/risk/Territory.js","s":{"1":0,"2":0,"3":0,"4":0,"5":0,"6":0,"7":0,"8":0,"9":0,"10":0,"11":0,"12":0,"13":0,"14":0,"15":0,"16":0,"17":0,"18":0,"19":0,"20":0,"21":0,"22":0,"23":0,"24":0,"25":0,"26":0,"27":0,"28":0,"29":0},"b":{"1":[0,0],"2":[0,0],"3":[0,0],"4":[0,0]},"f":{"1":0,"2":0,"3":0,"4":0,"5":0,"6":0,"7":0,"8":0,"9":0},"fnMap":{"1":{"name":"(anonymous_1)","line":9,"loc":{"start":{"line":9,"column":4},"end":{"line":9,"column":27}}},"2":{"name":"(anonymous_2)","line":18,"loc":{"start":{"line":18,"column":4},"end":{"line":18,"column":37}}},"3":{"name":"(anonymous_3)","line":22,"loc":{"start":{"line":22,"column":4},"end":{"line":22,"column":29}}},"4":{"name":"(anonymous_4)","line":26,"loc":{"start":{"line":26,"column":4},"end":{"line":26,"column":30}}},"5":{"name":"(anonymous_5)","line":34,"loc":{"start":{"line":34,"column":4},"end":{"line":34,"column":32}}},"6":{"name":"(anonymous_6)","line":42,"loc":{"start":{"line":42,"column":4},"end":{"line":42,"column":29}}},"7":{"name":"(anonymous_7)","line":46,"loc":{"start":{"line":46,"column":4},"end":{"line":46,"column":32}}},"8":{"name":"(anonymous_8)","line":54,"loc":{"start":{"line":54,"column":4},"end":{"line":54,"column":29}}},"9":{"name":"(anonymous_9)","line":64,"loc":{"start":{"line":64,"column":4},"end":{"line":64,"column":14}}}},"statementMap":{"1":{"start":{"line":3,"column":0},"end":{"line":3,"column":6}},"2":{"start":{"line":5,"column":0},"end":{"line":5,"column":15}},"3":{"start":{"line":6,"column":0},"end":{"line":6,"column":20}},"4":{"start":{"line":10,"column":8},"end":{"line":9,"column":27}},"5":{"start":{"line":11,"column":8},"end":{"line":9,"column":27}},"6":{"start":{"line":12,"column":8},"end":{"line":9,"column":27}},"7":{"start":{"line":13,"column":8},"end":{"line":9,"column":27}},"8":{"start":{"line":14,"column":8},"end":{"line":9,"column":27}},"9":{"start":{"line":15,"column":8},"end":{"line":9,"column":27}},"10":{"start":{"line":19,"column":8},"end":{"line":18,"column":37}},"11":{"start":{"line":23,"column":8},"end":{"line":22,"column":29}},"12":{"start":{"line":27,"column":8},"end":{"line":26,"column":30}},"13":{"start":{"line":29,"column":8},"end":{"line":26,"column":30}},"14":{"start":{"line":30,"column":12},"end":{"line":29,"column":47}},"15":{"start":{"line":35,"column":8},"end":{"line":34,"column":32}},"16":{"start":{"line":37,"column":8},"end":{"line":34,"column":32}},"17":{"start":{"line":38,"column":12},"end":{"line":37,"column":47}},"18":{"start":{"line":43,"column":8},"end":{"line":42,"column":29}},"19":{"start":{"line":47,"column":8},"end":{"line":47,"column":7}},"20":{"start":{"line":48,"column":12},"end":{"line":47,"column":41}},"21":{"start":{"line":51,"column":8},"end":{"line":46,"column":32}},"22":{"start":{"line":55,"column":8},"end":{"line":55,"column":7}},"23":{"start":{"line":56,"column":12},"end":{"line":55,"column":24}},"24":{"start":{"line":59,"column":8},"end":{"line":54,"column":29}},"25":{"start":{"line":60,"column":8},"end":{"line":54,"column":29}},"26":{"start":{"line":61,"column":8},"end":{"line":54,"column":29}},"27":{"start":{"line":65,"column":8},"end":{"line":64,"column":14}},"28":{"start":{"line":72,"column":16},"end":{"line":71,"column":97}},"29":{"start":{"line":78,"column":0},"end":{"line":null,"column":-1}}},"branchMap":{"1":{"line":47,"type":"if","locations":[{"start":{"line":47,"column":8},"end":{"line":47,"column":11}},{"start":{"line":47,"column":8},"end":{"line":47,"column":11}}]},"2":{"line":55,"type":"if","locations":[{"start":{"line":55,"column":8},"end":{"line":55,"column":11}},{"start":{"line":55,"column":8},"end":{"line":55,"column":11}}]},"3":{"line":68,"type":"cond-expr","locations":[{"start":{"line":68,"column":32},"end":{"line":68,"column":31}},{"start":{"line":68,"column":48},"end":{"line":68,"column":19}}]},"4":{"line":70,"type":"cond-expr","locations":[{"start":{"line":70,"column":42},"end":{"line":70,"column":41}},{"start":{"line":70,"column":62},"end":{"line":70,"column":25}}]}}},"/home/arjan/code/js/node-risk/lib/risk/utils/default-options.js":{"path":"/home/arjan/code/js/node-risk/lib/risk/utils/default-options.js","s":{"1":0,"2":0},"b":{},"f":{},"fnMap":{},"statementMap":{"1":{"start":{"line":3,"column":0},"end":{"line":3,"column":6}},"2":{"start":{"line":5,"column":0},"end":{"line":null,"column":-1}}},"branchMap":{}},"/home/arjan/code/js/node-risk/lib/risk/utils/math.js":{"path":"/home/arjan/code/js/node-risk/lib/risk/utils/math.js","s":{"1":1,"2":0,"3":0,"4":1,"5":0,"6":0,"7":0,"8":0,"9":0,"10":0,"11":0,"12":0,"13":0,"14":0,"15":0,"16":0,"17":0},"b":{"1":[0,0],"2":[0,0]},"f":{"1":0,"2":0},"fnMap":{"1":{"name":"cartesianProduct","line":3,"loc":{"start":{"line":3,"column":0},"end":{"line":3,"column":32}}},"2":{"name":"addTo","line":7,"loc":{"start":{"line":7,"column":4},"end":{"line":7,"column":33}}}},"statementMap":{"1":{"start":{"line":3,"column":0},"end":{"line":3,"column":-1}},"2":{"start":{"line":4,"column":4},"end":{"line":3,"column":32}},"3":{"start":{"line":5,"column":4},"end":{"line":3,"column":32}},"4":{"start":{"line":7,"column":4},"end":{"line":7,"column":3}},"5":{"start":{"line":8,"column":8},"end":{"line":7,"column":33}},"6":{"start":{"line":9,"column":8},"end":{"line":7,"column":33}},"7":{"start":{"line":11,"column":8},"end":{"line":11,"column":7}},"8":{"start":{"line":12,"column":12},"end":{"line":11,"column":47}},"9":{"start":{"line":14,"column":12},"end":{"line":11,"column":47}},"10":{"start":{"line":16,"column":12},"end":{"line":16,"column":11}},"11":{"start":{"line":17,"column":16},"end":{"line":16,"column":22}},"12":{"start":{"line":19,"column":16},"end":{"line":18,"column":19}},"13":{"start":{"line":24,"column":4},"end":{"line":24,"column":3}},"14":{"start":{"line":25,"column":8},"end":{"line":24,"column":20}},"15":{"start":{"line":27,"column":8},"end":{"line":26,"column":11}},"16":{"start":{"line":30,"column":4},"end":{"line":3,"column":32}},"17":{"start":{"line":33,"column":0},"end":{"line":null,"column":-1}}},"branchMap":{"1":{"line":16,"type":"if","locations":[{"start":{"line":16,"column":12},"end":{"line":16,"column":15}},{"start":{"line":16,"column":12},"end":{"line":16,"column":15}}]},"2":{"line":24,"type":"if","locations":[{"start":{"line":24,"column":4},"end":{"line":24,"column":7}},{"start":{"line":24,"column":4},"end":{"line":24,"column":7}}]}}},"/home/arjan/code/js/node-risk/lib/risk/utils/options-validator.js":{"path":"/home/arjan/code/js/node-risk/lib/risk/utils/options-validator.js","s":{"1":0,"2":0,"3":0,"4":0,"5":0,"6":1,"7":0,"8":0,"9":0,"10":0,"11":0,"12":0,"13":0,"14":0,"15":0,"16":0},"b":{"1":[0,0]},"f":{"1":0},"fnMap":{"1":{"name":"validateOptions","line":98,"loc":{"start":{"line":98,"column":0},"end":{"line":98,"column":35}}}},"statementMap":{"1":{"start":{"line":3,"column":0},"end":{"line":3,"column":18}},"2":{"start":{"line":4,"column":0},"end":{"line":4,"column":6}},"3":{"start":{"line":6,"column":0},"end":{"line":6,"column":6}},"4":{"start":{"line":8,"column":0},"end":{"line":8,"column":6}},"5":{"start":{"line":51,"column":0},"end":{"line":51,"column":6}},"6":{"start":{"line":98,"column":0},"end":{"line":98,"column":-1}},"7":{"start":{"line":99,"column":4},"end":{"line":98,"column":35}},"8":{"start":{"line":101,"column":4},"end":{"line":98,"column":35}},"9":{"start":{"line":103,"column":4},"end":{"line":103,"column":3}},"10":{"start":{"line":104,"column":8},"end":{"line":103,"column":23}},"11":{"start":{"line":105,"column":12},"end":{"line":104,"column":50}},"12":{"start":{"line":106,"column":12},"end":{"line":104,"column":50}},"13":{"start":{"line":108,"column":12},"end":{"line":104,"column":50}},"14":{"start":{"line":111,"column":8},"end":{"line":103,"column":23}},"15":{"start":{"line":114,"column":4},"end":{"line":98,"column":35}},"16":{"start":{"line":117,"column":0},"end":{"line":null,"column":-1}}},"branchMap":{"1":{"line":103,"type":"if","locations":[{"start":{"line":103,"column":4},"end":{"line":103,"column":7}},{"start":{"line":103,"column":4},"end":{"line":103,"column":7}}]}}},"/home/arjan/code/js/node-risk/lib/risk/utils/Queue.js":{"path":"/home/arjan/code/js/node-risk/lib/risk/utils/Queue.js","s":{"1":0,"2":0,"3":0,"4":0,"5":0,"6":0,"7":0,"8":0,"9":0,"10":0,"11":0},"b":{"1":[0,0]},"f":{"1":0,"2":0,"3":0,"4":0},"fnMap":{"1":{"name":"(anonymous_1)","line":4,"loc":{"start":{"line":4,"column":4},"end":{"line":4,"column":24}}},"2":{"name":"(anonymous_2)","line":8,"loc":{"start":{"line":8,"column":4},"end":{"line":8,"column":16}}},"3":{"name":"(anonymous_3)","line":12,"loc":{"start":{"line":12,"column":4},"end":{"line":12,"column":11}}},"4":{"name":"(anonymous_4)","line":16,"loc":{"start":{"line":16,"column":4},"end":{"line":16,"column":15}}}},"statementMap":{"1":{"start":{"line":5,"column":8},"end":{"line":4,"column":24}},"2":{"start":{"line":9,"column":8},"end":{"line":8,"column":16}},"3":{"start":{"line":13,"column":8},"end":{"line":12,"column":11}},"4":{"start":{"line":17,"column":8},"end":{"line":16,"column":15}},"5":{"start":{"line":19,"column":8},"end":{"line":19,"column":7}},"6":{"start":{"line":20,"column":12},"end":{"line":19,"column":28}},"7":{"start":{"line":22,"column":12},"end":{"line":19,"column":28}},"8":{"start":{"line":24,"column":12},"end":{"line":19,"column":28}},"9":{"start":{"line":26,"column":12},"end":{"line":19,"column":28}},"10":{"start":{"line":27,"column":12},"end":{"line":19,"column":28}},"11":{"start":{"line":32,"column":0},"end":{"line":null,"column":-1}}},"branchMap":{"1":{"line":5,"type":"cond-expr","locations":[{"start":{"line":5,"column":29},"end":{"line":5,"column":21}},{"start":{"line":5,"column":45},"end":{"line":5,"column":21}}]}}},"/home/arjan/code/js/node-risk/lib/risk/utils/RotatingQueue.js":{"path":"/home/arjan/code/js/node-risk/lib/risk/utils/RotatingQueue.js","s":{"1":0,"2":0,"3":0,"4":0,"5":0,"6":0,"7":0,"8":0,"9":0},"b":{"1":[0,0]},"f":{"1":0,"2":0},"fnMap":{"1":{"name":"(anonymous_1)","line":6,"loc":{"start":{"line":6,"column":4},"end":{"line":6,"column":18}}},"2":{"name":"(anonymous_2)","line":16,"loc":{"start":{"line":16,"column":4},"end":{"line":16,"column":12}}}},"statementMap":{"1":{"start":{"line":3,"column":0},"end":{"line":3,"column":6}},"2":{"start":{"line":7,"column":8},"end":{"line":6,"column":18}},"3":{"start":{"line":9,"column":8},"end":{"line":9,"column":7}},"4":{"start":{"line":10,"column":12},"end":{"line":9,"column":26}},"5":{"start":{"line":13,"column":8},"end":{"line":6,"column":18}},"6":{"start":{"line":17,"column":8},"end":{"line":16,"column":12}},"7":{"start":{"line":19,"column":8},"end":{"line":16,"column":12}},"8":{"start":{"line":21,"column":8},"end":{"line":16,"column":12}},"9":{"start":{"line":25,"column":0},"end":{"line":null,"column":-1}}},"branchMap":{"1":{"line":9,"type":"if","locations":[{"start":{"line":9,"column":8},"end":{"line":9,"column":11}},{"start":{"line":9,"column":8},"end":{"line":9,"column":11}}]}}},"/home/arjan/code/js/node-risk/maps/classic.js":{"path":"/home/arjan/code/js/node-risk/maps/classic.js","s":{"1":0,"2":0},"b":{},"f":{"1":0},"fnMap":{"1":{"name":"(anonymous_1)","line":3,"loc":{"start":{"line":3,"column":17},"end":{"line":3,"column":29}}}},"statementMap":{"1":{"start":{"line":3,"column":0},"end":{"line":3,"column":17}},"2":{"start":{"line":4,"column":4},"end":{"line":3,"column":29}}},"branchMap":{}},"/home/arjan/code/js/node-risk/maps/index.js":{"path":"/home/arjan/code/js/node-risk/maps/index.js","s":{"1":0,"2":0},"b":{},"f":{},"fnMap":{},"statementMap":{"1":{"start":{"line":3,"column":0},"end":{"line":3,"column":6}},"2":{"start":{"line":5,"column":0},"end":{"line":null,"column":-1}}},"branchMap":{}}}